{"C:\\Users\\MichaelKwameAppiah\\OneDrive - AmaliTech gGmbH\\Desktop\\labs\\Week 7\\createApp.mjs": {"path":"C:\\Users\\MichaelKwameAppiah\\OneDrive - AmaliTech gGmbH\\Desktop\\labs\\Week 7\\createApp.mjs","all":false,"statementMap":{"0":{"start":{"line":1,"column":0},"end":{"line":1,"column":30}},"1":{"start":{"line":2,"column":0},"end":{"line":2,"column":28}},"2":{"start":{"line":3,"column":0},"end":{"line":3,"column":28}},"3":{"start":{"line":4,"column":0},"end":{"line":4,"column":51}},"4":{"start":{"line":5,"column":0},"end":{"line":5,"column":0}},"5":{"start":{"line":6,"column":0},"end":{"line":6,"column":43}},"6":{"start":{"line":7,"column":0},"end":{"line":7,"column":51}},"7":{"start":{"line":8,"column":0},"end":{"line":8,"column":46}},"8":{"start":{"line":9,"column":0},"end":{"line":9,"column":0}},"9":{"start":{"line":10,"column":0},"end":{"line":10,"column":43}},"10":{"start":{"line":11,"column":0},"end":{"line":11,"column":49}},"11":{"start":{"line":12,"column":0},"end":{"line":12,"column":55}},"12":{"start":{"line":13,"column":0},"end":{"line":13,"column":47}},"13":{"start":{"line":14,"column":0},"end":{"line":14,"column":55}},"14":{"start":{"line":15,"column":0},"end":{"line":15,"column":43}},"15":{"start":{"line":16,"column":0},"end":{"line":16,"column":0}},"16":{"start":{"line":17,"column":0},"end":{"line":17,"column":57}},"17":{"start":{"line":18,"column":0},"end":{"line":18,"column":44}},"18":{"start":{"line":19,"column":0},"end":{"line":19,"column":0}},"19":{"start":{"line":20,"column":0},"end":{"line":20,"column":22}},"20":{"start":{"line":21,"column":0},"end":{"line":21,"column":18}},"21":{"start":{"line":22,"column":0},"end":{"line":22,"column":24}},"22":{"start":{"line":23,"column":0},"end":{"line":23,"column":0}},"23":{"start":{"line":24,"column":0},"end":{"line":24,"column":18}},"24":{"start":{"line":25,"column":0},"end":{"line":25,"column":26}},"25":{"start":{"line":26,"column":0},"end":{"line":26,"column":10}},"26":{"start":{"line":27,"column":0},"end":{"line":27,"column":16}},"27":{"start":{"line":28,"column":0},"end":{"line":28,"column":20}},"28":{"start":{"line":29,"column":0},"end":{"line":29,"column":57}},"29":{"start":{"line":30,"column":0},"end":{"line":30,"column":4}},"30":{"start":{"line":31,"column":0},"end":{"line":31,"column":13}},"31":{"start":{"line":32,"column":0},"end":{"line":32,"column":20}},"32":{"start":{"line":33,"column":0},"end":{"line":33,"column":27}},"33":{"start":{"line":34,"column":0},"end":{"line":34,"column":27}},"34":{"start":{"line":35,"column":0},"end":{"line":35,"column":0}},"35":{"start":{"line":36,"column":0},"end":{"line":36,"column":18}},"36":{"start":{"line":37,"column":0},"end":{"line":37,"column":35}},"37":{"start":{"line":38,"column":0},"end":{"line":38,"column":42}},"38":{"start":{"line":39,"column":0},"end":{"line":39,"column":48}},"39":{"start":{"line":40,"column":0},"end":{"line":40,"column":40}},"40":{"start":{"line":41,"column":0},"end":{"line":41,"column":48}},"41":{"start":{"line":42,"column":0},"end":{"line":42,"column":35}},"42":{"start":{"line":43,"column":0},"end":{"line":43,"column":0}},"43":{"start":{"line":44,"column":0},"end":{"line":44,"column":22}},"44":{"start":{"line":45,"column":0},"end":{"line":45,"column":36}},"45":{"start":{"line":46,"column":0},"end":{"line":46,"column":61}},"46":{"start":{"line":47,"column":0},"end":{"line":47,"column":5}},"47":{"start":{"line":48,"column":0},"end":{"line":48,"column":0}},"48":{"start":{"line":49,"column":0},"end":{"line":49,"column":30}},"49":{"start":{"line":50,"column":0},"end":{"line":50,"column":0}},"50":{"start":{"line":51,"column":0},"end":{"line":51,"column":13}},"51":{"start":{"line":52,"column":0},"end":{"line":52,"column":1}},"52":{"start":{"line":53,"column":0},"end":{"line":53,"column":0}},"53":{"start":{"line":54,"column":0},"end":{"line":54,"column":25}}},"s":{"0":1,"1":1,"2":1,"3":1,"4":1,"5":1,"6":1,"7":1,"8":1,"9":1,"10":1,"11":1,"12":1,"13":1,"14":1,"15":1,"16":1,"17":1,"18":1,"19":4,"20":4,"21":4,"22":4,"23":4,"24":4,"25":4,"26":4,"27":4,"28":4,"29":4,"30":4,"31":4,"32":4,"33":4,"34":4,"35":4,"36":4,"37":4,"38":4,"39":4,"40":4,"41":4,"42":4,"43":4,"44":4,"45":0,"46":4,"47":4,"48":4,"49":4,"50":4,"51":4,"52":1,"53":1},"branchMap":{"0":{"type":"branch","line":20,"loc":{"start":{"line":20,"column":0},"end":{"line":52,"column":1}},"locations":[{"start":{"line":20,"column":0},"end":{"line":52,"column":1}}]}},"b":{"0":[4]},"fnMap":{"0":{"name":"createApp","decl":{"start":{"line":20,"column":0},"end":{"line":52,"column":1}},"loc":{"start":{"line":20,"column":0},"end":{"line":52,"column":1}},"line":20}},"f":{"0":4}}
,"C:\\Users\\MichaelKwameAppiah\\OneDrive - AmaliTech gGmbH\\Desktop\\labs\\Week 7\\config\\redisClient.mjs": {"path":"C:\\Users\\MichaelKwameAppiah\\OneDrive - AmaliTech gGmbH\\Desktop\\labs\\Week 7\\config\\redisClient.mjs","all":false,"statementMap":{"0":{"start":{"line":1,"column":0},"end":{"line":1,"column":26}},"1":{"start":{"line":2,"column":0},"end":{"line":2,"column":41}},"2":{"start":{"line":3,"column":0},"end":{"line":3,"column":0}},"3":{"start":{"line":4,"column":0},"end":{"line":4,"column":40}},"4":{"start":{"line":5,"column":0},"end":{"line":5,"column":29}},"5":{"start":{"line":6,"column":0},"end":{"line":6,"column":3}},"6":{"start":{"line":7,"column":0},"end":{"line":7,"column":0}},"7":{"start":{"line":8,"column":0},"end":{"line":8,"column":11}},"8":{"start":{"line":9,"column":0},"end":{"line":9,"column":57}},"9":{"start":{"line":10,"column":0},"end":{"line":10,"column":64}},"10":{"start":{"line":11,"column":0},"end":{"line":11,"column":0}},"11":{"start":{"line":12,"column":0},"end":{"line":12,"column":22}},"12":{"start":{"line":13,"column":0},"end":{"line":13,"column":0}},"13":{"start":{"line":14,"column":0},"end":{"line":14,"column":27}}},"s":{"0":1,"1":1,"2":1,"3":1,"4":1,"5":1,"6":1,"7":1,"8":1,"9":1,"10":1,"11":1,"12":1,"13":1},"branchMap":{},"b":{},"fnMap":{},"f":{}}
,"C:\\Users\\MichaelKwameAppiah\\OneDrive - AmaliTech gGmbH\\Desktop\\labs\\Week 7\\controllers\\auth.mjs": {"path":"C:\\Users\\MichaelKwameAppiah\\OneDrive - AmaliTech gGmbH\\Desktop\\labs\\Week 7\\controllers\\auth.mjs","all":false,"statementMap":{"0":{"start":{"line":1,"column":0},"end":{"line":1,"column":33}},"1":{"start":{"line":2,"column":0},"end":{"line":2,"column":31}},"2":{"start":{"line":3,"column":0},"end":{"line":3,"column":28}},"3":{"start":{"line":4,"column":0},"end":{"line":4,"column":53}},"4":{"start":{"line":5,"column":0},"end":{"line":5,"column":45}},"5":{"start":{"line":6,"column":0},"end":{"line":6,"column":38}},"6":{"start":{"line":7,"column":0},"end":{"line":7,"column":0}},"7":{"start":{"line":8,"column":0},"end":{"line":8,"column":37}},"8":{"start":{"line":9,"column":0},"end":{"line":9,"column":45}},"9":{"start":{"line":10,"column":0},"end":{"line":10,"column":42}},"10":{"start":{"line":11,"column":0},"end":{"line":11,"column":5}},"11":{"start":{"line":12,"column":0},"end":{"line":12,"column":0}},"12":{"start":{"line":13,"column":0},"end":{"line":13,"column":59}},"13":{"start":{"line":14,"column":0},"end":{"line":14,"column":19}},"14":{"start":{"line":15,"column":0},"end":{"line":15,"column":17}},"15":{"start":{"line":16,"column":0},"end":{"line":16,"column":22}},"16":{"start":{"line":17,"column":0},"end":{"line":17,"column":4}},"17":{"start":{"line":18,"column":0},"end":{"line":18,"column":0}},"18":{"start":{"line":19,"column":0},"end":{"line":19,"column":35}},"19":{"start":{"line":20,"column":0},"end":{"line":20,"column":0}},"20":{"start":{"line":21,"column":0},"end":{"line":21,"column":25}},"21":{"start":{"line":22,"column":0},"end":{"line":22,"column":22}},"22":{"start":{"line":23,"column":0},"end":{"line":23,"column":75}},"23":{"start":{"line":24,"column":0},"end":{"line":24,"column":6}},"24":{"start":{"line":25,"column":0},"end":{"line":25,"column":19}},"25":{"start":{"line":26,"column":0},"end":{"line":26,"column":4}},"26":{"start":{"line":27,"column":0},"end":{"line":27,"column":73}},"27":{"start":{"line":28,"column":0},"end":{"line":28,"column":0}},"28":{"start":{"line":29,"column":0},"end":{"line":29,"column":42}},"29":{"start":{"line":30,"column":0},"end":{"line":30,"column":0}},"30":{"start":{"line":31,"column":0},"end":{"line":31,"column":28}},"31":{"start":{"line":32,"column":0},"end":{"line":32,"column":0}},"32":{"start":{"line":33,"column":0},"end":{"line":33,"column":31}},"33":{"start":{"line":34,"column":0},"end":{"line":34,"column":22}},"34":{"start":{"line":35,"column":0},"end":{"line":35,"column":10}},"35":{"start":{"line":36,"column":0},"end":{"line":36,"column":15}},"36":{"start":{"line":37,"column":0},"end":{"line":37,"column":5}},"37":{"start":{"line":38,"column":0},"end":{"line":38,"column":2}},"38":{"start":{"line":39,"column":0},"end":{"line":39,"column":0}},"39":{"start":{"line":40,"column":0},"end":{"line":40,"column":61}},"40":{"start":{"line":41,"column":0},"end":{"line":41,"column":39}},"41":{"start":{"line":42,"column":0},"end":{"line":42,"column":0}},"42":{"start":{"line":43,"column":0},"end":{"line":43,"column":28}},"43":{"start":{"line":44,"column":0},"end":{"line":44,"column":73}},"44":{"start":{"line":45,"column":0},"end":{"line":45,"column":3}},"45":{"start":{"line":46,"column":0},"end":{"line":46,"column":0}},"46":{"start":{"line":47,"column":0},"end":{"line":47,"column":65}},"47":{"start":{"line":48,"column":0},"end":{"line":48,"column":0}},"48":{"start":{"line":49,"column":0},"end":{"line":49,"column":66}},"49":{"start":{"line":50,"column":0},"end":{"line":50,"column":66}},"50":{"start":{"line":51,"column":0},"end":{"line":51,"column":3}},"51":{"start":{"line":52,"column":0},"end":{"line":52,"column":0}},"52":{"start":{"line":53,"column":0},"end":{"line":53,"column":34}},"53":{"start":{"line":54,"column":0},"end":{"line":54,"column":3}},"54":{"start":{"line":55,"column":0},"end":{"line":55,"column":0}},"55":{"start":{"line":56,"column":0},"end":{"line":56,"column":70}},"56":{"start":{"line":57,"column":0},"end":{"line":57,"column":61}},"57":{"start":{"line":58,"column":0},"end":{"line":58,"column":0}},"58":{"start":{"line":59,"column":0},"end":{"line":59,"column":14}},"59":{"start":{"line":60,"column":0},"end":{"line":60,"column":75}},"60":{"start":{"line":61,"column":0},"end":{"line":61,"column":3}},"61":{"start":{"line":62,"column":0},"end":{"line":62,"column":0}},"62":{"start":{"line":63,"column":0},"end":{"line":63,"column":53}},"63":{"start":{"line":64,"column":0},"end":{"line":64,"column":0}},"64":{"start":{"line":65,"column":0},"end":{"line":65,"column":49}},"65":{"start":{"line":66,"column":0},"end":{"line":66,"column":0}},"66":{"start":{"line":67,"column":0},"end":{"line":67,"column":48}},"67":{"start":{"line":68,"column":0},"end":{"line":68,"column":11}},"68":{"start":{"line":69,"column":0},"end":{"line":69,"column":44}},"69":{"start":{"line":70,"column":0},"end":{"line":70,"column":0}},"70":{"start":{"line":71,"column":0},"end":{"line":71,"column":83}},"71":{"start":{"line":72,"column":0},"end":{"line":72,"column":0}},"72":{"start":{"line":73,"column":0},"end":{"line":73,"column":24}},"73":{"start":{"line":74,"column":0},"end":{"line":74,"column":22}},"74":{"start":{"line":75,"column":0},"end":{"line":75,"column":12}},"75":{"start":{"line":76,"column":0},"end":{"line":76,"column":5}},"76":{"start":{"line":77,"column":0},"end":{"line":77,"column":3}},"77":{"start":{"line":78,"column":0},"end":{"line":78,"column":0}},"78":{"start":{"line":79,"column":0},"end":{"line":79,"column":69}},"79":{"start":{"line":80,"column":0},"end":{"line":80,"column":28}},"80":{"start":{"line":81,"column":0},"end":{"line":81,"column":25}},"81":{"start":{"line":82,"column":0},"end":{"line":82,"column":29}},"82":{"start":{"line":83,"column":0},"end":{"line":83,"column":19}},"83":{"start":{"line":84,"column":0},"end":{"line":84,"column":0}},"84":{"start":{"line":85,"column":0},"end":{"line":85,"column":35}},"85":{"start":{"line":86,"column":0},"end":{"line":86,"column":36}},"86":{"start":{"line":87,"column":0},"end":{"line":87,"column":46}},"87":{"start":{"line":88,"column":0},"end":{"line":88,"column":5}},"88":{"start":{"line":89,"column":0},"end":{"line":89,"column":0}},"89":{"start":{"line":90,"column":0},"end":{"line":90,"column":14}},"90":{"start":{"line":91,"column":0},"end":{"line":91,"column":70}},"91":{"start":{"line":92,"column":0},"end":{"line":92,"column":3}},"92":{"start":{"line":93,"column":0},"end":{"line":93,"column":36}},"93":{"start":{"line":94,"column":0},"end":{"line":94,"column":38}},"94":{"start":{"line":95,"column":0},"end":{"line":95,"column":40}},"95":{"start":{"line":96,"column":0},"end":{"line":96,"column":38}},"96":{"start":{"line":97,"column":0},"end":{"line":97,"column":0}},"97":{"start":{"line":98,"column":0},"end":{"line":98,"column":7}},"98":{"start":{"line":99,"column":0},"end":{"line":99,"column":22}},"99":{"start":{"line":100,"column":0},"end":{"line":100,"column":17}},"100":{"start":{"line":101,"column":0},"end":{"line":101,"column":62}},"101":{"start":{"line":102,"column":0},"end":{"line":102,"column":3}},"102":{"start":{"line":103,"column":0},"end":{"line":103,"column":0}},"103":{"start":{"line":104,"column":0},"end":{"line":104,"column":34}},"104":{"start":{"line":105,"column":0},"end":{"line":105,"column":3}}},"s":{"0":1,"1":1,"2":1,"3":1,"4":1,"5":1,"6":1,"7":1,"8":86,"9":86,"10":1,"11":1,"12":1,"13":5,"14":5,"15":5,"16":5,"17":5,"18":5,"19":5,"20":5,"21":5,"22":5,"23":5,"24":5,"25":5,"26":5,"27":5,"28":5,"29":5,"30":5,"31":5,"32":5,"33":5,"34":5,"35":5,"36":5,"37":5,"38":1,"39":1,"40":7,"41":7,"42":7,"43":2,"44":2,"45":5,"46":5,"47":5,"48":7,"49":3,"50":3,"51":2,"52":2,"53":1,"54":1,"55":1,"56":4,"57":4,"58":4,"59":2,"60":2,"61":2,"62":2,"63":2,"64":2,"65":2,"66":2,"67":2,"68":2,"69":2,"70":2,"71":2,"72":2,"73":2,"74":2,"75":2,"76":1,"77":1,"78":1,"79":5,"80":5,"81":5,"82":5,"83":5,"84":5,"85":5,"86":5,"87":5,"88":5,"89":5,"90":3,"91":3,"92":2,"93":2,"94":2,"95":2,"96":2,"97":2,"98":2,"99":5,"100":0,"101":0,"102":2,"103":2,"104":1},"branchMap":{"0":{"type":"branch","line":8,"loc":{"start":{"line":8,"column":26},"end":{"line":11,"column":4}},"locations":[{"start":{"line":8,"column":26},"end":{"line":11,"column":4}}]},"1":{"type":"branch","line":13,"loc":{"start":{"line":13,"column":31},"end":{"line":38,"column":2}},"locations":[{"start":{"line":13,"column":31},"end":{"line":38,"column":2}}]},"2":{"type":"branch","line":27,"loc":{"start":{"line":27,"column":45},"end":{"line":27,"column":73}},"locations":[{"start":{"line":27,"column":45},"end":{"line":27,"column":73}}]},"3":{"type":"branch","line":40,"loc":{"start":{"line":40,"column":34},"end":{"line":54,"column":2}},"locations":[{"start":{"line":40,"column":34},"end":{"line":54,"column":2}}]},"4":{"type":"branch","line":43,"loc":{"start":{"line":43,"column":12},"end":{"line":43,"column":25}},"locations":[{"start":{"line":43,"column":12},"end":{"line":43,"column":25}}]},"5":{"type":"branch","line":43,"loc":{"start":{"line":43,"column":27},"end":{"line":45,"column":3}},"locations":[{"start":{"line":43,"column":27},"end":{"line":45,"column":3}}]},"6":{"type":"branch","line":45,"loc":{"start":{"line":45,"column":2},"end":{"line":49,"column":15}},"locations":[{"start":{"line":45,"column":2},"end":{"line":49,"column":15}}]},"7":{"type":"branch","line":49,"loc":{"start":{"line":49,"column":11},"end":{"line":49,"column":63}},"locations":[{"start":{"line":49,"column":11},"end":{"line":49,"column":63}}]},"8":{"type":"branch","line":49,"loc":{"start":{"line":49,"column":65},"end":{"line":54,"column":2}},"locations":[{"start":{"line":49,"column":65},"end":{"line":54,"column":2}}]},"9":{"type":"branch","line":49,"loc":{"start":{"line":49,"column":65},"end":{"line":51,"column":3}},"locations":[{"start":{"line":49,"column":65},"end":{"line":51,"column":3}}]},"10":{"type":"branch","line":51,"loc":{"start":{"line":51,"column":2},"end":{"line":54,"column":2}},"locations":[{"start":{"line":51,"column":2},"end":{"line":54,"column":2}}]},"11":{"type":"branch","line":56,"loc":{"start":{"line":56,"column":43},"end":{"line":77,"column":2}},"locations":[{"start":{"line":56,"column":43},"end":{"line":77,"column":2}}]},"12":{"type":"branch","line":59,"loc":{"start":{"line":59,"column":13},"end":{"line":77,"column":2}},"locations":[{"start":{"line":59,"column":13},"end":{"line":77,"column":2}}]},"13":{"type":"branch","line":79,"loc":{"start":{"line":79,"column":42},"end":{"line":105,"column":2}},"locations":[{"start":{"line":79,"column":42},"end":{"line":105,"column":2}}]},"14":{"type":"branch","line":90,"loc":{"start":{"line":90,"column":13},"end":{"line":100,"column":4}},"locations":[{"start":{"line":90,"column":13},"end":{"line":100,"column":4}}]},"15":{"type":"branch","line":90,"loc":{"start":{"line":90,"column":13},"end":{"line":92,"column":3}},"locations":[{"start":{"line":90,"column":13},"end":{"line":92,"column":3}}]},"16":{"type":"branch","line":92,"loc":{"start":{"line":92,"column":2},"end":{"line":100,"column":4}},"locations":[{"start":{"line":92,"column":2},"end":{"line":100,"column":4}}]},"17":{"type":"branch","line":100,"loc":{"start":{"line":100,"column":4},"end":{"line":102,"column":3}},"locations":[{"start":{"line":100,"column":4},"end":{"line":102,"column":3}}]},"18":{"type":"branch","line":102,"loc":{"start":{"line":102,"column":2},"end":{"line":105,"column":2}},"locations":[{"start":{"line":102,"column":2},"end":{"line":105,"column":2}}]}},"b":{"0":[86],"1":[5],"2":[1],"3":[7],"4":[5],"5":[2],"6":[5],"7":[3],"8":[5],"9":[3],"10":[2],"11":[4],"12":[2],"13":[5],"14":[4],"15":[3],"16":[2],"17":[0],"18":[2]},"fnMap":{"0":{"name":"signToken","decl":{"start":{"line":8,"column":26},"end":{"line":11,"column":4}},"loc":{"start":{"line":8,"column":26},"end":{"line":11,"column":4}},"line":8},"1":{"name":"createSendToken","decl":{"start":{"line":13,"column":31},"end":{"line":38,"column":2}},"loc":{"start":{"line":13,"column":31},"end":{"line":38,"column":2}},"line":13}},"f":{"0":86,"1":5}}
,"C:\\Users\\MichaelKwameAppiah\\OneDrive - AmaliTech gGmbH\\Desktop\\labs\\Week 7\\controllers\\course.mjs": {"path":"C:\\Users\\MichaelKwameAppiah\\OneDrive - AmaliTech gGmbH\\Desktop\\labs\\Week 7\\controllers\\course.mjs","all":false,"statementMap":{"0":{"start":{"line":1,"column":0},"end":{"line":1,"column":42}},"1":{"start":{"line":2,"column":0},"end":{"line":2,"column":45}},"2":{"start":{"line":3,"column":0},"end":{"line":3,"column":53}},"3":{"start":{"line":4,"column":0},"end":{"line":4,"column":52}},"4":{"start":{"line":5,"column":0},"end":{"line":5,"column":0}},"5":{"start":{"line":6,"column":0},"end":{"line":6,"column":69}},"6":{"start":{"line":7,"column":0},"end":{"line":7,"column":51}},"7":{"start":{"line":8,"column":0},"end":{"line":8,"column":0}},"8":{"start":{"line":9,"column":0},"end":{"line":9,"column":37}},"9":{"start":{"line":10,"column":0},"end":{"line":10,"column":15}},"10":{"start":{"line":11,"column":0},"end":{"line":11,"column":17}},"11":{"start":{"line":12,"column":0},"end":{"line":12,"column":29}},"12":{"start":{"line":13,"column":0},"end":{"line":13,"column":0}},"13":{"start":{"line":14,"column":0},"end":{"line":14,"column":24}},"14":{"start":{"line":15,"column":0},"end":{"line":15,"column":22}},"15":{"start":{"line":16,"column":0},"end":{"line":16,"column":28}},"16":{"start":{"line":17,"column":0},"end":{"line":17,"column":18}},"17":{"start":{"line":18,"column":0},"end":{"line":18,"column":5}},"18":{"start":{"line":19,"column":0},"end":{"line":19,"column":3}},"19":{"start":{"line":20,"column":0},"end":{"line":20,"column":0}},"20":{"start":{"line":21,"column":0},"end":{"line":21,"column":65}},"21":{"start":{"line":22,"column":0},"end":{"line":22,"column":71}},"22":{"start":{"line":23,"column":0},"end":{"line":23,"column":0}},"23":{"start":{"line":24,"column":0},"end":{"line":24,"column":16}},"24":{"start":{"line":25,"column":0},"end":{"line":25,"column":76}},"25":{"start":{"line":26,"column":0},"end":{"line":26,"column":3}},"26":{"start":{"line":27,"column":0},"end":{"line":27,"column":24}},"27":{"start":{"line":28,"column":0},"end":{"line":28,"column":22}},"28":{"start":{"line":29,"column":0},"end":{"line":29,"column":17}},"29":{"start":{"line":30,"column":0},"end":{"line":30,"column":5}},"30":{"start":{"line":31,"column":0},"end":{"line":31,"column":3}},"31":{"start":{"line":32,"column":0},"end":{"line":32,"column":0}},"32":{"start":{"line":33,"column":0},"end":{"line":33,"column":68}},"33":{"start":{"line":34,"column":0},"end":{"line":34,"column":50}},"34":{"start":{"line":35,"column":0},"end":{"line":35,"column":0}},"35":{"start":{"line":36,"column":0},"end":{"line":36,"column":24}},"36":{"start":{"line":37,"column":0},"end":{"line":37,"column":22}},"37":{"start":{"line":38,"column":0},"end":{"line":38,"column":20}},"38":{"start":{"line":39,"column":0},"end":{"line":39,"column":5}},"39":{"start":{"line":40,"column":0},"end":{"line":40,"column":3}},"40":{"start":{"line":41,"column":0},"end":{"line":41,"column":0}},"41":{"start":{"line":42,"column":0},"end":{"line":42,"column":68}},"42":{"start":{"line":43,"column":0},"end":{"line":43,"column":47}},"43":{"start":{"line":44,"column":0},"end":{"line":44,"column":36}},"44":{"start":{"line":45,"column":0},"end":{"line":45,"column":13}},"45":{"start":{"line":46,"column":0},"end":{"line":46,"column":5}},"46":{"start":{"line":47,"column":0},"end":{"line":47,"column":16}},"47":{"start":{"line":48,"column":0},"end":{"line":48,"column":26}},"48":{"start":{"line":49,"column":0},"end":{"line":49,"column":6}},"49":{"start":{"line":50,"column":0},"end":{"line":50,"column":4}},"50":{"start":{"line":51,"column":0},"end":{"line":51,"column":0}},"51":{"start":{"line":52,"column":0},"end":{"line":52,"column":16}},"52":{"start":{"line":53,"column":0},"end":{"line":53,"column":76}},"53":{"start":{"line":54,"column":0},"end":{"line":54,"column":3}},"54":{"start":{"line":55,"column":0},"end":{"line":55,"column":0}},"55":{"start":{"line":56,"column":0},"end":{"line":56,"column":24}},"56":{"start":{"line":57,"column":0},"end":{"line":57,"column":22}},"57":{"start":{"line":58,"column":0},"end":{"line":58,"column":17}},"58":{"start":{"line":59,"column":0},"end":{"line":59,"column":5}},"59":{"start":{"line":60,"column":0},"end":{"line":60,"column":3}},"60":{"start":{"line":61,"column":0},"end":{"line":61,"column":0}},"61":{"start":{"line":62,"column":0},"end":{"line":62,"column":68}},"62":{"start":{"line":63,"column":0},"end":{"line":63,"column":80}},"63":{"start":{"line":64,"column":0},"end":{"line":64,"column":0}},"64":{"start":{"line":65,"column":0},"end":{"line":65,"column":16}},"65":{"start":{"line":66,"column":0},"end":{"line":66,"column":76}},"66":{"start":{"line":67,"column":0},"end":{"line":67,"column":3}},"67":{"start":{"line":68,"column":0},"end":{"line":68,"column":0}},"68":{"start":{"line":69,"column":0},"end":{"line":69,"column":24}},"69":{"start":{"line":70,"column":0},"end":{"line":70,"column":22}},"70":{"start":{"line":71,"column":0},"end":{"line":71,"column":15}},"71":{"start":{"line":72,"column":0},"end":{"line":72,"column":5}},"72":{"start":{"line":73,"column":0},"end":{"line":73,"column":3}}},"s":{"0":1,"1":1,"2":1,"3":1,"4":1,"5":1,"6":3,"7":3,"8":3,"9":3,"10":3,"11":3,"12":3,"13":3,"14":3,"15":3,"16":3,"17":3,"18":1,"19":1,"20":1,"21":4,"22":4,"23":4,"24":2,"25":2,"26":2,"27":2,"28":2,"29":2,"30":1,"31":1,"32":1,"33":2,"34":2,"35":2,"36":2,"37":2,"38":2,"39":1,"40":1,"41":1,"42":4,"43":4,"44":4,"45":4,"46":4,"47":4,"48":4,"49":4,"50":4,"51":4,"52":2,"53":2,"54":2,"55":2,"56":2,"57":2,"58":2,"59":1,"60":1,"61":1,"62":3,"63":3,"64":3,"65":1,"66":1,"67":2,"68":2,"69":2,"70":2,"71":2,"72":1},"branchMap":{"0":{"type":"branch","line":6,"loc":{"start":{"line":6,"column":42},"end":{"line":19,"column":2}},"locations":[{"start":{"line":6,"column":42},"end":{"line":19,"column":2}}]},"1":{"type":"branch","line":21,"loc":{"start":{"line":21,"column":38},"end":{"line":31,"column":2}},"locations":[{"start":{"line":21,"column":38},"end":{"line":31,"column":2}}]},"2":{"type":"branch","line":24,"loc":{"start":{"line":24,"column":15},"end":{"line":31,"column":2}},"locations":[{"start":{"line":24,"column":15},"end":{"line":31,"column":2}}]},"3":{"type":"branch","line":33,"loc":{"start":{"line":33,"column":41},"end":{"line":40,"column":2}},"locations":[{"start":{"line":33,"column":41},"end":{"line":40,"column":2}}]},"4":{"type":"branch","line":42,"loc":{"start":{"line":42,"column":41},"end":{"line":60,"column":2}},"locations":[{"start":{"line":42,"column":41},"end":{"line":60,"column":2}}]},"5":{"type":"branch","line":52,"loc":{"start":{"line":52,"column":15},"end":{"line":60,"column":2}},"locations":[{"start":{"line":52,"column":15},"end":{"line":60,"column":2}}]},"6":{"type":"branch","line":62,"loc":{"start":{"line":62,"column":41},"end":{"line":73,"column":2}},"locations":[{"start":{"line":62,"column":41},"end":{"line":73,"column":2}}]},"7":{"type":"branch","line":65,"loc":{"start":{"line":65,"column":15},"end":{"line":73,"column":2}},"locations":[{"start":{"line":65,"column":15},"end":{"line":73,"column":2}}]},"8":{"type":"branch","line":65,"loc":{"start":{"line":65,"column":15},"end":{"line":67,"column":3}},"locations":[{"start":{"line":65,"column":15},"end":{"line":67,"column":3}}]}},"b":{"0":[3],"1":[4],"2":[2],"3":[2],"4":[4],"5":[2],"6":[3],"7":[2],"8":[1]},"fnMap":{},"f":{}}
,"C:\\Users\\MichaelKwameAppiah\\OneDrive - AmaliTech gGmbH\\Desktop\\labs\\Week 7\\controllers\\enrollment.mjs": {"path":"C:\\Users\\MichaelKwameAppiah\\OneDrive - AmaliTech gGmbH\\Desktop\\labs\\Week 7\\controllers\\enrollment.mjs","all":false,"statementMap":{"0":{"start":{"line":1,"column":0},"end":{"line":1,"column":44}},"1":{"start":{"line":2,"column":0},"end":{"line":2,"column":42}},"2":{"start":{"line":3,"column":0},"end":{"line":3,"column":50}},"3":{"start":{"line":4,"column":0},"end":{"line":4,"column":53}},"4":{"start":{"line":5,"column":0},"end":{"line":5,"column":45}},"5":{"start":{"line":6,"column":0},"end":{"line":6,"column":52}},"6":{"start":{"line":7,"column":0},"end":{"line":7,"column":0}},"7":{"start":{"line":8,"column":0},"end":{"line":8,"column":73}},"8":{"start":{"line":9,"column":0},"end":{"line":9,"column":51}},"9":{"start":{"line":10,"column":0},"end":{"line":10,"column":70}},"10":{"start":{"line":11,"column":0},"end":{"line":11,"column":0}},"11":{"start":{"line":12,"column":0},"end":{"line":12,"column":24}},"12":{"start":{"line":13,"column":0},"end":{"line":13,"column":22}},"13":{"start":{"line":14,"column":0},"end":{"line":14,"column":32}},"14":{"start":{"line":15,"column":0},"end":{"line":15,"column":22}},"15":{"start":{"line":16,"column":0},"end":{"line":16,"column":5}},"16":{"start":{"line":17,"column":0},"end":{"line":17,"column":3}},"17":{"start":{"line":18,"column":0},"end":{"line":18,"column":0}},"18":{"start":{"line":19,"column":0},"end":{"line":19,"column":72}},"19":{"start":{"line":20,"column":0},"end":{"line":20,"column":60}},"20":{"start":{"line":21,"column":0},"end":{"line":21,"column":0}},"21":{"start":{"line":22,"column":0},"end":{"line":22,"column":32}},"22":{"start":{"line":23,"column":0},"end":{"line":23,"column":76}},"23":{"start":{"line":24,"column":0},"end":{"line":24,"column":3}},"24":{"start":{"line":25,"column":0},"end":{"line":25,"column":0}},"25":{"start":{"line":26,"column":0},"end":{"line":26,"column":47}},"26":{"start":{"line":27,"column":0},"end":{"line":27,"column":32}},"27":{"start":{"line":28,"column":0},"end":{"line":28,"column":30}},"28":{"start":{"line":29,"column":0},"end":{"line":29,"column":5}},"29":{"start":{"line":30,"column":0},"end":{"line":30,"column":0}},"30":{"start":{"line":31,"column":0},"end":{"line":31,"column":80}},"31":{"start":{"line":32,"column":0},"end":{"line":32,"column":78}},"32":{"start":{"line":33,"column":0},"end":{"line":33,"column":0}},"33":{"start":{"line":34,"column":0},"end":{"line":34,"column":55}},"34":{"start":{"line":35,"column":0},"end":{"line":35,"column":23}},"35":{"start":{"line":36,"column":0},"end":{"line":36,"column":21}},"36":{"start":{"line":37,"column":0},"end":{"line":37,"column":5}},"37":{"start":{"line":38,"column":0},"end":{"line":38,"column":0}},"38":{"start":{"line":39,"column":0},"end":{"line":39,"column":27}},"39":{"start":{"line":40,"column":0},"end":{"line":40,"column":16}},"40":{"start":{"line":41,"column":0},"end":{"line":41,"column":70}},"41":{"start":{"line":42,"column":0},"end":{"line":42,"column":6}},"42":{"start":{"line":43,"column":0},"end":{"line":43,"column":3}},"43":{"start":{"line":44,"column":0},"end":{"line":44,"column":0}},"44":{"start":{"line":45,"column":0},"end":{"line":45,"column":58}},"45":{"start":{"line":46,"column":0},"end":{"line":46,"column":0}},"46":{"start":{"line":47,"column":0},"end":{"line":47,"column":24}},"47":{"start":{"line":48,"column":0},"end":{"line":48,"column":22}},"48":{"start":{"line":49,"column":0},"end":{"line":49,"column":24}},"49":{"start":{"line":50,"column":0},"end":{"line":50,"column":5}},"50":{"start":{"line":51,"column":0},"end":{"line":51,"column":3}},"51":{"start":{"line":52,"column":0},"end":{"line":52,"column":0}},"52":{"start":{"line":53,"column":0},"end":{"line":53,"column":76}},"53":{"start":{"line":54,"column":0},"end":{"line":54,"column":45}},"54":{"start":{"line":55,"column":0},"end":{"line":55,"column":34}},"55":{"start":{"line":56,"column":0},"end":{"line":56,"column":24}},"56":{"start":{"line":57,"column":0},"end":{"line":57,"column":0}},"57":{"start":{"line":58,"column":0},"end":{"line":58,"column":21}},"58":{"start":{"line":59,"column":0},"end":{"line":59,"column":79}},"59":{"start":{"line":60,"column":0},"end":{"line":60,"column":3}},"60":{"start":{"line":61,"column":0},"end":{"line":61,"column":0}},"61":{"start":{"line":62,"column":0},"end":{"line":62,"column":69}},"62":{"start":{"line":63,"column":0},"end":{"line":63,"column":0}},"63":{"start":{"line":64,"column":0},"end":{"line":64,"column":24}},"64":{"start":{"line":65,"column":0},"end":{"line":65,"column":22}},"65":{"start":{"line":66,"column":0},"end":{"line":66,"column":18}},"66":{"start":{"line":67,"column":0},"end":{"line":67,"column":5}},"67":{"start":{"line":68,"column":0},"end":{"line":68,"column":3}},"68":{"start":{"line":69,"column":0},"end":{"line":69,"column":0}},"69":{"start":{"line":70,"column":0},"end":{"line":70,"column":76}},"70":{"start":{"line":71,"column":0},"end":{"line":71,"column":71}},"71":{"start":{"line":72,"column":0},"end":{"line":72,"column":0}},"72":{"start":{"line":73,"column":0},"end":{"line":73,"column":16}},"73":{"start":{"line":74,"column":0},"end":{"line":74,"column":76}},"74":{"start":{"line":75,"column":0},"end":{"line":75,"column":3}},"75":{"start":{"line":76,"column":0},"end":{"line":76,"column":45}},"76":{"start":{"line":77,"column":0},"end":{"line":77,"column":23}},"77":{"start":{"line":78,"column":0},"end":{"line":78,"column":25}},"78":{"start":{"line":79,"column":0},"end":{"line":79,"column":0}},"79":{"start":{"line":80,"column":0},"end":{"line":80,"column":21}},"80":{"start":{"line":81,"column":0},"end":{"line":81,"column":80}},"81":{"start":{"line":82,"column":0},"end":{"line":82,"column":3}},"82":{"start":{"line":83,"column":0},"end":{"line":83,"column":0}},"83":{"start":{"line":84,"column":0},"end":{"line":84,"column":71}},"84":{"start":{"line":85,"column":0},"end":{"line":85,"column":0}},"85":{"start":{"line":86,"column":0},"end":{"line":86,"column":24}},"86":{"start":{"line":87,"column":0},"end":{"line":87,"column":22}},"87":{"start":{"line":88,"column":0},"end":{"line":88,"column":19}},"88":{"start":{"line":89,"column":0},"end":{"line":89,"column":5}},"89":{"start":{"line":90,"column":0},"end":{"line":90,"column":3}},"90":{"start":{"line":91,"column":0},"end":{"line":91,"column":0}},"91":{"start":{"line":92,"column":0},"end":{"line":92,"column":72}},"92":{"start":{"line":93,"column":0},"end":{"line":93,"column":56}},"93":{"start":{"line":94,"column":0},"end":{"line":94,"column":28}},"94":{"start":{"line":95,"column":0},"end":{"line":95,"column":4}},"95":{"start":{"line":96,"column":0},"end":{"line":96,"column":0}},"96":{"start":{"line":97,"column":0},"end":{"line":97,"column":20}},"97":{"start":{"line":98,"column":0},"end":{"line":98,"column":71}},"98":{"start":{"line":99,"column":0},"end":{"line":99,"column":3}},"99":{"start":{"line":100,"column":0},"end":{"line":100,"column":0}},"100":{"start":{"line":101,"column":0},"end":{"line":101,"column":61}},"101":{"start":{"line":102,"column":0},"end":{"line":102,"column":0}},"102":{"start":{"line":103,"column":0},"end":{"line":103,"column":17}},"103":{"start":{"line":104,"column":0},"end":{"line":104,"column":68}},"104":{"start":{"line":105,"column":0},"end":{"line":105,"column":3}},"105":{"start":{"line":106,"column":0},"end":{"line":106,"column":0}},"106":{"start":{"line":107,"column":0},"end":{"line":107,"column":43}},"107":{"start":{"line":108,"column":0},"end":{"line":108,"column":71}},"108":{"start":{"line":109,"column":0},"end":{"line":109,"column":4}},"109":{"start":{"line":110,"column":0},"end":{"line":110,"column":0}},"110":{"start":{"line":111,"column":0},"end":{"line":111,"column":23}},"111":{"start":{"line":112,"column":0},"end":{"line":112,"column":0}},"112":{"start":{"line":113,"column":0},"end":{"line":113,"column":24}},"113":{"start":{"line":114,"column":0},"end":{"line":114,"column":22}},"114":{"start":{"line":115,"column":0},"end":{"line":115,"column":15}},"115":{"start":{"line":116,"column":0},"end":{"line":116,"column":5}},"116":{"start":{"line":117,"column":0},"end":{"line":117,"column":3}}},"s":{"0":1,"1":1,"2":1,"3":1,"4":1,"5":1,"6":1,"7":1,"8":3,"9":3,"10":3,"11":3,"12":3,"13":3,"14":3,"15":3,"16":1,"17":1,"18":1,"19":10,"20":10,"21":10,"22":2,"23":2,"24":8,"25":8,"26":8,"27":8,"28":8,"29":8,"30":10,"31":10,"32":4,"33":4,"34":4,"35":4,"36":4,"37":4,"38":10,"39":2,"40":2,"41":2,"42":2,"43":2,"44":2,"45":2,"46":2,"47":2,"48":2,"49":2,"50":1,"51":1,"52":1,"53":4,"54":4,"55":4,"56":3,"57":3,"58":1,"59":1,"60":2,"61":2,"62":2,"63":2,"64":2,"65":2,"66":2,"67":1,"68":1,"69":1,"70":5,"71":5,"72":5,"73":2,"74":2,"75":3,"76":3,"77":3,"78":3,"79":5,"80":1,"81":1,"82":2,"83":2,"84":2,"85":2,"86":2,"87":2,"88":2,"89":1,"90":1,"91":1,"92":5,"93":5,"94":5,"95":5,"96":5,"97":2,"98":2,"99":3,"100":3,"101":3,"102":5,"103":1,"104":1,"105":2,"106":2,"107":2,"108":2,"109":2,"110":2,"111":2,"112":2,"113":2,"114":2,"115":2,"116":1},"branchMap":{"0":{"type":"branch","line":8,"loc":{"start":{"line":8,"column":46},"end":{"line":17,"column":2}},"locations":[{"start":{"line":8,"column":46},"end":{"line":17,"column":2}}]},"1":{"type":"branch","line":19,"loc":{"start":{"line":19,"column":45},"end":{"line":51,"column":2}},"locations":[{"start":{"line":19,"column":45},"end":{"line":51,"column":2}}]},"2":{"type":"branch","line":22,"loc":{"start":{"line":22,"column":16},"end":{"line":22,"column":29}},"locations":[{"start":{"line":22,"column":16},"end":{"line":22,"column":29}}]},"3":{"type":"branch","line":22,"loc":{"start":{"line":22,"column":31},"end":{"line":24,"column":3}},"locations":[{"start":{"line":22,"column":31},"end":{"line":24,"column":3}}]},"4":{"type":"branch","line":24,"loc":{"start":{"line":24,"column":2},"end":{"line":31,"column":16}},"locations":[{"start":{"line":24,"column":2},"end":{"line":31,"column":16}}]},"5":{"type":"branch","line":31,"loc":{"start":{"line":31,"column":16},"end":{"line":31,"column":80}},"locations":[{"start":{"line":31,"column":16},"end":{"line":31,"column":80}}]},"6":{"type":"branch","line":31,"loc":{"start":{"line":31,"column":79},"end":{"line":32,"column":15}},"locations":[{"start":{"line":31,"column":79},"end":{"line":32,"column":15}}]},"7":{"type":"branch","line":32,"loc":{"start":{"line":32,"column":15},"end":{"line":32,"column":78}},"locations":[{"start":{"line":32,"column":15},"end":{"line":32,"column":78}}]},"8":{"type":"branch","line":32,"loc":{"start":{"line":32,"column":77},"end":{"line":39,"column":26}},"locations":[{"start":{"line":32,"column":77},"end":{"line":39,"column":26}}]},"9":{"type":"branch","line":39,"loc":{"start":{"line":39,"column":26},"end":{"line":51,"column":2}},"locations":[{"start":{"line":39,"column":26},"end":{"line":51,"column":2}}]},"10":{"type":"branch","line":53,"loc":{"start":{"line":53,"column":49},"end":{"line":68,"column":2}},"locations":[{"start":{"line":53,"column":49},"end":{"line":68,"column":2}}]},"11":{"type":"branch","line":56,"loc":{"start":{"line":56,"column":23},"end":{"line":68,"column":2}},"locations":[{"start":{"line":56,"column":23},"end":{"line":68,"column":2}}]},"12":{"type":"branch","line":58,"loc":{"start":{"line":58,"column":20},"end":{"line":60,"column":3}},"locations":[{"start":{"line":58,"column":20},"end":{"line":60,"column":3}}]},"13":{"type":"branch","line":60,"loc":{"start":{"line":60,"column":2},"end":{"line":68,"column":2}},"locations":[{"start":{"line":60,"column":2},"end":{"line":68,"column":2}}]},"14":{"type":"branch","line":62,"loc":{"start":{"line":62,"column":35},"end":{"line":62,"column":67}},"locations":[{"start":{"line":62,"column":35},"end":{"line":62,"column":67}}]},"15":{"type":"branch","line":70,"loc":{"start":{"line":70,"column":49},"end":{"line":90,"column":2}},"locations":[{"start":{"line":70,"column":49},"end":{"line":90,"column":2}}]},"16":{"type":"branch","line":73,"loc":{"start":{"line":73,"column":15},"end":{"line":80,"column":20}},"locations":[{"start":{"line":73,"column":15},"end":{"line":80,"column":20}}]},"17":{"type":"branch","line":73,"loc":{"start":{"line":73,"column":15},"end":{"line":75,"column":3}},"locations":[{"start":{"line":73,"column":15},"end":{"line":75,"column":3}}]},"18":{"type":"branch","line":75,"loc":{"start":{"line":75,"column":2},"end":{"line":80,"column":20}},"locations":[{"start":{"line":75,"column":2},"end":{"line":80,"column":20}}]},"19":{"type":"branch","line":80,"loc":{"start":{"line":80,"column":20},"end":{"line":90,"column":2}},"locations":[{"start":{"line":80,"column":20},"end":{"line":90,"column":2}}]},"20":{"type":"branch","line":80,"loc":{"start":{"line":80,"column":20},"end":{"line":82,"column":3}},"locations":[{"start":{"line":80,"column":20},"end":{"line":82,"column":3}}]},"21":{"type":"branch","line":82,"loc":{"start":{"line":82,"column":2},"end":{"line":90,"column":2}},"locations":[{"start":{"line":82,"column":2},"end":{"line":90,"column":2}}]},"22":{"type":"branch","line":84,"loc":{"start":{"line":84,"column":36},"end":{"line":84,"column":69}},"locations":[{"start":{"line":84,"column":36},"end":{"line":84,"column":69}}]},"23":{"type":"branch","line":92,"loc":{"start":{"line":92,"column":45},"end":{"line":117,"column":2}},"locations":[{"start":{"line":92,"column":45},"end":{"line":117,"column":2}}]},"24":{"type":"branch","line":97,"loc":{"start":{"line":97,"column":19},"end":{"line":103,"column":16}},"locations":[{"start":{"line":97,"column":19},"end":{"line":103,"column":16}}]},"25":{"type":"branch","line":97,"loc":{"start":{"line":97,"column":19},"end":{"line":99,"column":3}},"locations":[{"start":{"line":97,"column":19},"end":{"line":99,"column":3}}]},"26":{"type":"branch","line":99,"loc":{"start":{"line":99,"column":2},"end":{"line":103,"column":16}},"locations":[{"start":{"line":99,"column":2},"end":{"line":103,"column":16}}]},"27":{"type":"branch","line":103,"loc":{"start":{"line":103,"column":16},"end":{"line":117,"column":2}},"locations":[{"start":{"line":103,"column":16},"end":{"line":117,"column":2}}]},"28":{"type":"branch","line":103,"loc":{"start":{"line":103,"column":16},"end":{"line":105,"column":3}},"locations":[{"start":{"line":103,"column":16},"end":{"line":105,"column":3}}]},"29":{"type":"branch","line":105,"loc":{"start":{"line":105,"column":2},"end":{"line":117,"column":2}},"locations":[{"start":{"line":105,"column":2},"end":{"line":117,"column":2}}]},"30":{"type":"branch","line":108,"loc":{"start":{"line":108,"column":5},"end":{"line":108,"column":71}},"locations":[{"start":{"line":108,"column":5},"end":{"line":108,"column":71}}]}},"b":{"0":[3],"1":[10],"2":[8],"3":[2],"4":[8],"5":[2],"6":[6],"7":[2],"8":[4],"9":[2],"10":[4],"11":[3],"12":[1],"13":[2],"14":[3],"15":[5],"16":[4],"17":[2],"18":[3],"19":[3],"20":[1],"21":[2],"22":[3],"23":[5],"24":[4],"25":[2],"26":[3],"27":[3],"28":[1],"29":[2],"30":[3]},"fnMap":{},"f":{}}
,"C:\\Users\\MichaelKwameAppiah\\OneDrive - AmaliTech gGmbH\\Desktop\\labs\\Week 7\\controllers\\error.mjs": {"path":"C:\\Users\\MichaelKwameAppiah\\OneDrive - AmaliTech gGmbH\\Desktop\\labs\\Week 7\\controllers\\error.mjs","all":false,"statementMap":{"0":{"start":{"line":1,"column":0},"end":{"line":1,"column":45}},"1":{"start":{"line":2,"column":0},"end":{"line":2,"column":41}},"2":{"start":{"line":3,"column":0},"end":{"line":3,"column":0}},"3":{"start":{"line":4,"column":0},"end":{"line":4,"column":36}},"4":{"start":{"line":5,"column":0},"end":{"line":5,"column":45}},"5":{"start":{"line":6,"column":0},"end":{"line":6,"column":57}},"6":{"start":{"line":7,"column":0},"end":{"line":7,"column":36}},"7":{"start":{"line":8,"column":0},"end":{"line":8,"column":2}},"8":{"start":{"line":9,"column":0},"end":{"line":9,"column":0}},"9":{"start":{"line":10,"column":0},"end":{"line":10,"column":51}},"10":{"start":{"line":11,"column":0},"end":{"line":11,"column":47}},"11":{"start":{"line":12,"column":0},"end":{"line":12,"column":38}},"12":{"start":{"line":13,"column":0},"end":{"line":13,"column":77}},"13":{"start":{"line":14,"column":0},"end":{"line":14,"column":36}},"14":{"start":{"line":15,"column":0},"end":{"line":15,"column":2}},"15":{"start":{"line":16,"column":0},"end":{"line":16,"column":0}},"16":{"start":{"line":17,"column":0},"end":{"line":17,"column":51}},"17":{"start":{"line":18,"column":0},"end":{"line":18,"column":69}},"18":{"start":{"line":19,"column":0},"end":{"line":19,"column":61}},"19":{"start":{"line":20,"column":0},"end":{"line":20,"column":36}},"20":{"start":{"line":21,"column":0},"end":{"line":21,"column":2}},"21":{"start":{"line":22,"column":0},"end":{"line":22,"column":0}},"22":{"start":{"line":23,"column":0},"end":{"line":23,"column":35}},"23":{"start":{"line":24,"column":0},"end":{"line":24,"column":59}},"24":{"start":{"line":25,"column":0},"end":{"line":25,"column":0}},"25":{"start":{"line":26,"column":0},"end":{"line":26,"column":42}},"26":{"start":{"line":27,"column":0},"end":{"line":27,"column":68}},"27":{"start":{"line":28,"column":0},"end":{"line":28,"column":0}},"28":{"start":{"line":29,"column":0},"end":{"line":29,"column":32}},"29":{"start":{"line":30,"column":0},"end":{"line":30,"column":43}},"30":{"start":{"line":31,"column":0},"end":{"line":31,"column":35}},"31":{"start":{"line":32,"column":0},"end":{"line":32,"column":23}},"32":{"start":{"line":33,"column":0},"end":{"line":33,"column":15}},"33":{"start":{"line":34,"column":0},"end":{"line":34,"column":25}},"34":{"start":{"line":35,"column":0},"end":{"line":35,"column":21}},"35":{"start":{"line":36,"column":0},"end":{"line":36,"column":5}},"36":{"start":{"line":37,"column":0},"end":{"line":37,"column":2}},"37":{"start":{"line":38,"column":0},"end":{"line":38,"column":0}},"38":{"start":{"line":39,"column":0},"end":{"line":39,"column":31}},"39":{"start":{"line":40,"column":0},"end":{"line":40,"column":46}},"40":{"start":{"line":41,"column":0},"end":{"line":41,"column":34}},"41":{"start":{"line":42,"column":0},"end":{"line":42,"column":39}},"42":{"start":{"line":43,"column":0},"end":{"line":43,"column":27}},"43":{"start":{"line":44,"column":0},"end":{"line":44,"column":29}},"44":{"start":{"line":45,"column":0},"end":{"line":45,"column":7}},"45":{"start":{"line":46,"column":0},"end":{"line":46,"column":10}},"46":{"start":{"line":47,"column":0},"end":{"line":47,"column":44}},"47":{"start":{"line":48,"column":0},"end":{"line":48,"column":0}},"48":{"start":{"line":49,"column":0},"end":{"line":49,"column":26}},"49":{"start":{"line":50,"column":0},"end":{"line":50,"column":22}},"50":{"start":{"line":51,"column":0},"end":{"line":51,"column":44}},"51":{"start":{"line":52,"column":0},"end":{"line":52,"column":7}},"52":{"start":{"line":53,"column":0},"end":{"line":53,"column":3}},"53":{"start":{"line":54,"column":0},"end":{"line":54,"column":2}},"54":{"start":{"line":55,"column":0},"end":{"line":55,"column":0}},"55":{"start":{"line":56,"column":0},"end":{"line":56,"column":36}},"56":{"start":{"line":57,"column":0},"end":{"line":57,"column":50}},"57":{"start":{"line":58,"column":0},"end":{"line":58,"column":41}},"58":{"start":{"line":59,"column":0},"end":{"line":59,"column":37}},"59":{"start":{"line":60,"column":0},"end":{"line":60,"column":0}},"60":{"start":{"line":61,"column":0},"end":{"line":61,"column":47}},"61":{"start":{"line":62,"column":0},"end":{"line":62,"column":27}},"62":{"start":{"line":63,"column":0},"end":{"line":63,"column":53}},"63":{"start":{"line":64,"column":0},"end":{"line":64,"column":35}},"64":{"start":{"line":65,"column":0},"end":{"line":65,"column":0}},"65":{"start":{"line":66,"column":0},"end":{"line":66,"column":37}},"66":{"start":{"line":67,"column":0},"end":{"line":67,"column":69}},"67":{"start":{"line":68,"column":0},"end":{"line":68,"column":0}},"68":{"start":{"line":69,"column":0},"end":{"line":69,"column":69}},"69":{"start":{"line":70,"column":0},"end":{"line":70,"column":0}},"70":{"start":{"line":71,"column":0},"end":{"line":71,"column":41}},"71":{"start":{"line":72,"column":0},"end":{"line":72,"column":45}},"72":{"start":{"line":73,"column":0},"end":{"line":73,"column":0}},"73":{"start":{"line":74,"column":0},"end":{"line":74,"column":69}},"74":{"start":{"line":75,"column":0},"end":{"line":75,"column":0}},"75":{"start":{"line":76,"column":0},"end":{"line":76,"column":76}},"76":{"start":{"line":77,"column":0},"end":{"line":77,"column":0}},"77":{"start":{"line":78,"column":0},"end":{"line":78,"column":30}},"78":{"start":{"line":79,"column":0},"end":{"line":79,"column":3}},"79":{"start":{"line":80,"column":0},"end":{"line":80,"column":2}},"80":{"start":{"line":81,"column":0},"end":{"line":81,"column":0}},"81":{"start":{"line":82,"column":0},"end":{"line":82,"column":31}}},"s":{"0":1,"1":1,"2":1,"3":1,"4":1,"5":2,"6":2,"7":2,"8":1,"9":1,"10":2,"11":2,"12":2,"13":2,"14":2,"15":1,"16":1,"17":2,"18":2,"19":2,"20":2,"21":1,"22":1,"23":1,"24":1,"25":1,"26":1,"27":1,"28":1,"29":1,"30":33,"31":33,"32":33,"33":33,"34":33,"35":33,"36":33,"37":1,"38":1,"39":1,"40":7,"41":1,"42":1,"43":1,"44":1,"45":7,"46":6,"47":6,"48":6,"49":6,"50":6,"51":6,"52":6,"53":7,"54":1,"55":1,"56":1,"57":37,"58":37,"59":37,"60":37,"61":32,"62":37,"63":5,"64":5,"65":5,"66":5,"67":5,"68":5,"69":5,"70":5,"71":5,"72":5,"73":5,"74":5,"75":5,"76":5,"77":5,"78":5,"79":37,"80":1,"81":1},"branchMap":{"0":{"type":"branch","line":5,"loc":{"start":{"line":5,"column":34},"end":{"line":8,"column":2}},"locations":[{"start":{"line":5,"column":34},"end":{"line":8,"column":2}}]},"1":{"type":"branch","line":10,"loc":{"start":{"line":10,"column":40},"end":{"line":15,"column":2}},"locations":[{"start":{"line":10,"column":40},"end":{"line":15,"column":2}}]},"2":{"type":"branch","line":17,"loc":{"start":{"line":17,"column":40},"end":{"line":21,"column":2}},"locations":[{"start":{"line":17,"column":40},"end":{"line":21,"column":2}}]},"3":{"type":"branch","line":18,"loc":{"start":{"line":18,"column":50},"end":{"line":18,"column":67}},"locations":[{"start":{"line":18,"column":50},"end":{"line":18,"column":67}}]},"4":{"type":"branch","line":23,"loc":{"start":{"line":23,"column":30},"end":{"line":24,"column":58}},"locations":[{"start":{"line":23,"column":30},"end":{"line":24,"column":58}}]},"5":{"type":"branch","line":26,"loc":{"start":{"line":26,"column":37},"end":{"line":27,"column":67}},"locations":[{"start":{"line":26,"column":37},"end":{"line":27,"column":67}}]},"6":{"type":"branch","line":30,"loc":{"start":{"line":30,"column":28},"end":{"line":37,"column":2}},"locations":[{"start":{"line":30,"column":28},"end":{"line":37,"column":2}}]},"7":{"type":"branch","line":40,"loc":{"start":{"line":40,"column":29},"end":{"line":54,"column":2}},"locations":[{"start":{"line":40,"column":29},"end":{"line":54,"column":2}}]},"8":{"type":"branch","line":41,"loc":{"start":{"line":41,"column":33},"end":{"line":46,"column":3}},"locations":[{"start":{"line":41,"column":33},"end":{"line":46,"column":3}}]},"9":{"type":"branch","line":46,"loc":{"start":{"line":46,"column":3},"end":{"line":53,"column":3}},"locations":[{"start":{"line":46,"column":3},"end":{"line":53,"column":3}}]},"10":{"type":"branch","line":57,"loc":{"start":{"line":57,"column":24},"end":{"line":80,"column":2}},"locations":[{"start":{"line":57,"column":24},"end":{"line":80,"column":2}}]},"11":{"type":"branch","line":58,"loc":{"start":{"line":58,"column":33},"end":{"line":58,"column":40}},"locations":[{"start":{"line":58,"column":33},"end":{"line":58,"column":40}}]},"12":{"type":"branch","line":59,"loc":{"start":{"line":59,"column":25},"end":{"line":59,"column":36}},"locations":[{"start":{"line":59,"column":25},"end":{"line":59,"column":36}}]},"13":{"type":"branch","line":61,"loc":{"start":{"line":61,"column":46},"end":{"line":63,"column":3}},"locations":[{"start":{"line":61,"column":46},"end":{"line":63,"column":3}}]},"14":{"type":"branch","line":63,"loc":{"start":{"line":63,"column":3},"end":{"line":79,"column":3}},"locations":[{"start":{"line":63,"column":3},"end":{"line":79,"column":3}}]},"15":{"type":"branch","line":67,"loc":{"start":{"line":67,"column":36},"end":{"line":67,"column":69}},"locations":[{"start":{"line":67,"column":36},"end":{"line":67,"column":69}}]},"16":{"type":"branch","line":69,"loc":{"start":{"line":69,"column":30},"end":{"line":69,"column":69}},"locations":[{"start":{"line":69,"column":30},"end":{"line":69,"column":69}}]},"17":{"type":"branch","line":72,"loc":{"start":{"line":72,"column":6},"end":{"line":72,"column":45}},"locations":[{"start":{"line":72,"column":6},"end":{"line":72,"column":45}}]},"18":{"type":"branch","line":74,"loc":{"start":{"line":74,"column":44},"end":{"line":74,"column":69}},"locations":[{"start":{"line":74,"column":44},"end":{"line":74,"column":69}}]},"19":{"type":"branch","line":76,"loc":{"start":{"line":76,"column":44},"end":{"line":76,"column":76}},"locations":[{"start":{"line":76,"column":44},"end":{"line":76,"column":76}}]}},"b":{"0":[2],"1":[2],"2":[2],"3":[3],"4":[2],"5":[2],"6":[33],"7":[7],"8":[1],"9":[6],"10":[37],"11":[5],"12":[10],"13":[32],"14":[5],"15":[1],"16":[1],"17":[1],"18":[1],"19":[1]},"fnMap":{"0":{"name":"handleCastErrorDB","decl":{"start":{"line":5,"column":34},"end":{"line":8,"column":2}},"loc":{"start":{"line":5,"column":34},"end":{"line":8,"column":2}},"line":5},"1":{"name":"handleDuplicateFieldsDB","decl":{"start":{"line":10,"column":40},"end":{"line":15,"column":2}},"loc":{"start":{"line":10,"column":40},"end":{"line":15,"column":2}},"line":10},"2":{"name":"handleValidationErrorDB","decl":{"start":{"line":17,"column":40},"end":{"line":21,"column":2}},"loc":{"start":{"line":17,"column":40},"end":{"line":21,"column":2}},"line":17},"3":{"name":"handleJWTError","decl":{"start":{"line":23,"column":30},"end":{"line":24,"column":58}},"loc":{"start":{"line":23,"column":30},"end":{"line":24,"column":58}},"line":23},"4":{"name":"handleJWTExpiredError","decl":{"start":{"line":26,"column":37},"end":{"line":27,"column":67}},"loc":{"start":{"line":26,"column":37},"end":{"line":27,"column":67}},"line":26},"5":{"name":"sendDevError","decl":{"start":{"line":30,"column":28},"end":{"line":37,"column":2}},"loc":{"start":{"line":30,"column":28},"end":{"line":37,"column":2}},"line":30},"6":{"name":"sendProdError","decl":{"start":{"line":40,"column":29},"end":{"line":54,"column":2}},"loc":{"start":{"line":40,"column":29},"end":{"line":54,"column":2}},"line":40},"7":{"name":"errorController","decl":{"start":{"line":57,"column":24},"end":{"line":80,"column":2}},"loc":{"start":{"line":57,"column":24},"end":{"line":80,"column":2}},"line":57}},"f":{"0":2,"1":2,"2":2,"3":2,"4":2,"5":33,"6":7,"7":37}}
,"C:\\Users\\MichaelKwameAppiah\\OneDrive - AmaliTech gGmbH\\Desktop\\labs\\Week 7\\controllers\\instructor.mjs": {"path":"C:\\Users\\MichaelKwameAppiah\\OneDrive - AmaliTech gGmbH\\Desktop\\labs\\Week 7\\controllers\\instructor.mjs","all":false,"statementMap":{"0":{"start":{"line":1,"column":0},"end":{"line":1,"column":50}},"1":{"start":{"line":2,"column":0},"end":{"line":2,"column":53}},"2":{"start":{"line":3,"column":0},"end":{"line":3,"column":52}},"3":{"start":{"line":4,"column":0},"end":{"line":4,"column":0}},"4":{"start":{"line":5,"column":0},"end":{"line":5,"column":73}},"5":{"start":{"line":6,"column":0},"end":{"line":6,"column":51}},"6":{"start":{"line":7,"column":0},"end":{"line":7,"column":70}},"7":{"start":{"line":8,"column":0},"end":{"line":8,"column":0}},"8":{"start":{"line":9,"column":0},"end":{"line":9,"column":24}},"9":{"start":{"line":10,"column":0},"end":{"line":10,"column":22}},"10":{"start":{"line":11,"column":0},"end":{"line":11,"column":32}},"11":{"start":{"line":12,"column":0},"end":{"line":12,"column":22}},"12":{"start":{"line":13,"column":0},"end":{"line":13,"column":5}},"13":{"start":{"line":14,"column":0},"end":{"line":14,"column":3}},"14":{"start":{"line":15,"column":0},"end":{"line":15,"column":0}},"15":{"start":{"line":16,"column":0},"end":{"line":16,"column":66}},"16":{"start":{"line":17,"column":0},"end":{"line":17,"column":58}},"17":{"start":{"line":18,"column":0},"end":{"line":18,"column":0}},"18":{"start":{"line":19,"column":0},"end":{"line":19,"column":24}},"19":{"start":{"line":20,"column":0},"end":{"line":20,"column":22}},"20":{"start":{"line":21,"column":0},"end":{"line":21,"column":24}},"21":{"start":{"line":22,"column":0},"end":{"line":22,"column":5}},"22":{"start":{"line":23,"column":0},"end":{"line":23,"column":3}}},"s":{"0":1,"1":1,"2":1,"3":1,"4":1,"5":2,"6":2,"7":2,"8":2,"9":2,"10":2,"11":2,"12":2,"13":1,"14":1,"15":1,"16":1,"17":1,"18":1,"19":1,"20":1,"21":1,"22":1},"branchMap":{"0":{"type":"branch","line":5,"loc":{"start":{"line":5,"column":46},"end":{"line":14,"column":2}},"locations":[{"start":{"line":5,"column":46},"end":{"line":14,"column":2}}]},"1":{"type":"branch","line":16,"loc":{"start":{"line":16,"column":45},"end":{"line":23,"column":2}},"locations":[{"start":{"line":16,"column":45},"end":{"line":23,"column":2}}]}},"b":{"0":[2],"1":[1]},"fnMap":{},"f":{}}
,"C:\\Users\\MichaelKwameAppiah\\OneDrive - AmaliTech gGmbH\\Desktop\\labs\\Week 7\\controllers\\sort.mjs": {"path":"C:\\Users\\MichaelKwameAppiah\\OneDrive - AmaliTech gGmbH\\Desktop\\labs\\Week 7\\controllers\\sort.mjs","all":false,"statementMap":{"0":{"start":{"line":1,"column":0},"end":{"line":1,"column":53}},"1":{"start":{"line":2,"column":0},"end":{"line":2,"column":47}},"2":{"start":{"line":3,"column":0},"end":{"line":3,"column":44}},"3":{"start":{"line":4,"column":0},"end":{"line":4,"column":42}},"4":{"start":{"line":5,"column":0},"end":{"line":5,"column":52}},"5":{"start":{"line":6,"column":0},"end":{"line":6,"column":41}},"6":{"start":{"line":7,"column":0},"end":{"line":7,"column":45}},"7":{"start":{"line":8,"column":0},"end":{"line":8,"column":0}},"8":{"start":{"line":9,"column":0},"end":{"line":9,"column":27}},"9":{"start":{"line":10,"column":0},"end":{"line":10,"column":42}},"10":{"start":{"line":11,"column":0},"end":{"line":11,"column":47}},"11":{"start":{"line":12,"column":0},"end":{"line":12,"column":0}},"12":{"start":{"line":13,"column":0},"end":{"line":13,"column":27}},"13":{"start":{"line":14,"column":0},"end":{"line":14,"column":62}},"14":{"start":{"line":15,"column":0},"end":{"line":15,"column":5}},"15":{"start":{"line":16,"column":0},"end":{"line":16,"column":0}},"16":{"start":{"line":17,"column":0},"end":{"line":17,"column":30}},"17":{"start":{"line":18,"column":0},"end":{"line":18,"column":67}},"18":{"start":{"line":19,"column":0},"end":{"line":19,"column":26}},"19":{"start":{"line":20,"column":0},"end":{"line":20,"column":0}},"20":{"start":{"line":21,"column":0},"end":{"line":21,"column":57}},"21":{"start":{"line":22,"column":0},"end":{"line":22,"column":55}},"22":{"start":{"line":23,"column":0},"end":{"line":23,"column":21}},"23":{"start":{"line":24,"column":0},"end":{"line":24,"column":31}},"24":{"start":{"line":25,"column":0},"end":{"line":25,"column":58}},"25":{"start":{"line":26,"column":0},"end":{"line":26,"column":5}},"26":{"start":{"line":27,"column":0},"end":{"line":27,"column":0}},"27":{"start":{"line":28,"column":0},"end":{"line":28,"column":30}},"28":{"start":{"line":29,"column":0},"end":{"line":29,"column":0}},"29":{"start":{"line":30,"column":0},"end":{"line":30,"column":36}},"30":{"start":{"line":31,"column":0},"end":{"line":31,"column":53}},"31":{"start":{"line":32,"column":0},"end":{"line":32,"column":0}},"32":{"start":{"line":33,"column":0},"end":{"line":33,"column":66}},"33":{"start":{"line":34,"column":0},"end":{"line":34,"column":60}},"34":{"start":{"line":35,"column":0},"end":{"line":35,"column":0}},"35":{"start":{"line":36,"column":0},"end":{"line":36,"column":74}},"36":{"start":{"line":37,"column":0},"end":{"line":37,"column":0}},"37":{"start":{"line":38,"column":0},"end":{"line":38,"column":46}},"38":{"start":{"line":39,"column":0},"end":{"line":39,"column":5}},"39":{"start":{"line":40,"column":0},"end":{"line":40,"column":0}},"40":{"start":{"line":41,"column":0},"end":{"line":41,"column":46}},"41":{"start":{"line":42,"column":0},"end":{"line":42,"column":44}}},"s":{"0":1,"1":1,"2":1,"3":1,"4":1,"5":1,"6":1,"7":1,"8":1,"9":10,"10":6,"11":6,"12":6,"13":2,"14":2,"15":6,"16":6,"17":6,"18":6,"19":6,"20":6,"21":6,"22":6,"23":2,"24":2,"25":2,"26":4,"27":4,"28":4,"29":4,"30":4,"31":4,"32":4,"33":4,"34":4,"35":4,"36":4,"37":4,"38":1,"39":1,"40":1,"41":1},"branchMap":{"0":{"type":"branch","line":9,"loc":{"start":{"line":9,"column":18},"end":{"line":39,"column":4}},"locations":[{"start":{"line":9,"column":18},"end":{"line":39,"column":4}}]},"1":{"type":"branch","line":10,"loc":{"start":{"line":10,"column":15},"end":{"line":39,"column":4}},"locations":[{"start":{"line":10,"column":15},"end":{"line":39,"column":4}}]},"2":{"type":"branch","line":13,"loc":{"start":{"line":13,"column":14},"end":{"line":13,"column":24}},"locations":[{"start":{"line":13,"column":14},"end":{"line":13,"column":24}}]},"3":{"type":"branch","line":13,"loc":{"start":{"line":13,"column":26},"end":{"line":15,"column":5}},"locations":[{"start":{"line":13,"column":26},"end":{"line":15,"column":5}}]},"4":{"type":"branch","line":23,"loc":{"start":{"line":23,"column":20},"end":{"line":26,"column":5}},"locations":[{"start":{"line":23,"column":20},"end":{"line":26,"column":5}}]},"5":{"type":"branch","line":26,"loc":{"start":{"line":26,"column":4},"end":{"line":39,"column":4}},"locations":[{"start":{"line":26,"column":4},"end":{"line":39,"column":4}}]}},"b":{"0":[10],"1":[6],"2":[4],"3":[2],"4":[2],"5":[4]},"fnMap":{"0":{"name":"sortData","decl":{"start":{"line":9,"column":18},"end":{"line":39,"column":4}},"loc":{"start":{"line":9,"column":18},"end":{"line":39,"column":4}},"line":9}},"f":{"0":10}}
,"C:\\Users\\MichaelKwameAppiah\\OneDrive - AmaliTech gGmbH\\Desktop\\labs\\Week 7\\controllers\\student.mjs": {"path":"C:\\Users\\MichaelKwameAppiah\\OneDrive - AmaliTech gGmbH\\Desktop\\labs\\Week 7\\controllers\\student.mjs","all":false,"statementMap":{"0":{"start":{"line":1,"column":0},"end":{"line":1,"column":44}},"1":{"start":{"line":2,"column":0},"end":{"line":2,"column":53}},"2":{"start":{"line":3,"column":0},"end":{"line":3,"column":45}},"3":{"start":{"line":4,"column":0},"end":{"line":4,"column":52}},"4":{"start":{"line":5,"column":0},"end":{"line":5,"column":0}},"5":{"start":{"line":6,"column":0},"end":{"line":6,"column":70}},"6":{"start":{"line":7,"column":0},"end":{"line":7,"column":51}},"7":{"start":{"line":8,"column":0},"end":{"line":8,"column":0}},"8":{"start":{"line":9,"column":0},"end":{"line":9,"column":64}},"9":{"start":{"line":10,"column":0},"end":{"line":10,"column":0}},"10":{"start":{"line":11,"column":0},"end":{"line":11,"column":24}},"11":{"start":{"line":12,"column":0},"end":{"line":12,"column":22}},"12":{"start":{"line":13,"column":0},"end":{"line":13,"column":29}},"13":{"start":{"line":14,"column":0},"end":{"line":14,"column":19}},"14":{"start":{"line":15,"column":0},"end":{"line":15,"column":5}},"15":{"start":{"line":16,"column":0},"end":{"line":16,"column":3}},"16":{"start":{"line":17,"column":0},"end":{"line":17,"column":0}},"17":{"start":{"line":18,"column":0},"end":{"line":18,"column":66}},"18":{"start":{"line":19,"column":0},"end":{"line":19,"column":56}},"19":{"start":{"line":20,"column":0},"end":{"line":20,"column":0}},"20":{"start":{"line":21,"column":0},"end":{"line":21,"column":17}},"21":{"start":{"line":22,"column":0},"end":{"line":22,"column":68}},"22":{"start":{"line":23,"column":0},"end":{"line":23,"column":3}},"23":{"start":{"line":24,"column":0},"end":{"line":24,"column":0}},"24":{"start":{"line":25,"column":0},"end":{"line":25,"column":24}},"25":{"start":{"line":26,"column":0},"end":{"line":26,"column":22}},"26":{"start":{"line":27,"column":0},"end":{"line":27,"column":18}},"27":{"start":{"line":28,"column":0},"end":{"line":28,"column":5}},"28":{"start":{"line":29,"column":0},"end":{"line":29,"column":3}},"29":{"start":{"line":30,"column":0},"end":{"line":30,"column":0}},"30":{"start":{"line":31,"column":0},"end":{"line":31,"column":69}},"31":{"start":{"line":32,"column":0},"end":{"line":32,"column":52}},"32":{"start":{"line":33,"column":0},"end":{"line":33,"column":0}},"33":{"start":{"line":34,"column":0},"end":{"line":34,"column":24}},"34":{"start":{"line":35,"column":0},"end":{"line":35,"column":22}},"35":{"start":{"line":36,"column":0},"end":{"line":36,"column":21}},"36":{"start":{"line":37,"column":0},"end":{"line":37,"column":5}},"37":{"start":{"line":38,"column":0},"end":{"line":38,"column":3}},"38":{"start":{"line":39,"column":0},"end":{"line":39,"column":0}},"39":{"start":{"line":40,"column":0},"end":{"line":40,"column":69}},"40":{"start":{"line":41,"column":0},"end":{"line":41,"column":76}},"41":{"start":{"line":42,"column":0},"end":{"line":42,"column":14}},"42":{"start":{"line":43,"column":0},"end":{"line":43,"column":24}},"43":{"start":{"line":44,"column":0},"end":{"line":44,"column":5}},"44":{"start":{"line":45,"column":0},"end":{"line":45,"column":0}},"45":{"start":{"line":46,"column":0},"end":{"line":46,"column":17}},"46":{"start":{"line":47,"column":0},"end":{"line":47,"column":68}},"47":{"start":{"line":48,"column":0},"end":{"line":48,"column":3}},"48":{"start":{"line":49,"column":0},"end":{"line":49,"column":0}},"49":{"start":{"line":50,"column":0},"end":{"line":50,"column":24}},"50":{"start":{"line":51,"column":0},"end":{"line":51,"column":22}},"51":{"start":{"line":52,"column":0},"end":{"line":52,"column":18}},"52":{"start":{"line":53,"column":0},"end":{"line":53,"column":5}},"53":{"start":{"line":54,"column":0},"end":{"line":54,"column":3}},"54":{"start":{"line":55,"column":0},"end":{"line":55,"column":0}},"55":{"start":{"line":56,"column":0},"end":{"line":56,"column":69}},"56":{"start":{"line":57,"column":0},"end":{"line":57,"column":65}},"57":{"start":{"line":58,"column":0},"end":{"line":58,"column":0}},"58":{"start":{"line":59,"column":0},"end":{"line":59,"column":17}},"59":{"start":{"line":60,"column":0},"end":{"line":60,"column":68}},"60":{"start":{"line":61,"column":0},"end":{"line":61,"column":3}},"61":{"start":{"line":62,"column":0},"end":{"line":62,"column":0}},"62":{"start":{"line":63,"column":0},"end":{"line":63,"column":24}},"63":{"start":{"line":64,"column":0},"end":{"line":64,"column":22}},"64":{"start":{"line":65,"column":0},"end":{"line":65,"column":15}},"65":{"start":{"line":66,"column":0},"end":{"line":66,"column":5}},"66":{"start":{"line":67,"column":0},"end":{"line":67,"column":3}}},"s":{"0":1,"1":1,"2":1,"3":1,"4":1,"5":1,"6":3,"7":3,"8":3,"9":3,"10":3,"11":3,"12":3,"13":3,"14":3,"15":1,"16":1,"17":1,"18":4,"19":4,"20":4,"21":2,"22":2,"23":2,"24":2,"25":2,"26":2,"27":2,"28":1,"29":1,"30":1,"31":2,"32":2,"33":2,"34":2,"35":2,"36":2,"37":1,"38":1,"39":1,"40":4,"41":4,"42":4,"43":4,"44":4,"45":4,"46":2,"47":2,"48":2,"49":2,"50":2,"51":2,"52":2,"53":1,"54":1,"55":1,"56":4,"57":4,"58":4,"59":2,"60":2,"61":2,"62":2,"63":2,"64":2,"65":2,"66":1},"branchMap":{"0":{"type":"branch","line":6,"loc":{"start":{"line":6,"column":43},"end":{"line":16,"column":2}},"locations":[{"start":{"line":6,"column":43},"end":{"line":16,"column":2}}]},"1":{"type":"branch","line":18,"loc":{"start":{"line":18,"column":39},"end":{"line":29,"column":2}},"locations":[{"start":{"line":18,"column":39},"end":{"line":29,"column":2}}]},"2":{"type":"branch","line":21,"loc":{"start":{"line":21,"column":16},"end":{"line":29,"column":2}},"locations":[{"start":{"line":21,"column":16},"end":{"line":29,"column":2}}]},"3":{"type":"branch","line":31,"loc":{"start":{"line":31,"column":42},"end":{"line":38,"column":2}},"locations":[{"start":{"line":31,"column":42},"end":{"line":38,"column":2}}]},"4":{"type":"branch","line":40,"loc":{"start":{"line":40,"column":42},"end":{"line":54,"column":2}},"locations":[{"start":{"line":40,"column":42},"end":{"line":54,"column":2}}]},"5":{"type":"branch","line":46,"loc":{"start":{"line":46,"column":16},"end":{"line":54,"column":2}},"locations":[{"start":{"line":46,"column":16},"end":{"line":54,"column":2}}]},"6":{"type":"branch","line":56,"loc":{"start":{"line":56,"column":42},"end":{"line":67,"column":2}},"locations":[{"start":{"line":56,"column":42},"end":{"line":67,"column":2}}]},"7":{"type":"branch","line":59,"loc":{"start":{"line":59,"column":16},"end":{"line":67,"column":2}},"locations":[{"start":{"line":59,"column":16},"end":{"line":67,"column":2}}]}},"b":{"0":[3],"1":[4],"2":[2],"3":[2],"4":[4],"5":[2],"6":[4],"7":[2]},"fnMap":{},"f":{}}
,"C:\\Users\\MichaelKwameAppiah\\OneDrive - AmaliTech gGmbH\\Desktop\\labs\\Week 7\\middlewares\\protectRoute.mjs": {"path":"C:\\Users\\MichaelKwameAppiah\\OneDrive - AmaliTech gGmbH\\Desktop\\labs\\Week 7\\middlewares\\protectRoute.mjs","all":false,"statementMap":{"0":{"start":{"line":1,"column":0},"end":{"line":1,"column":31}},"1":{"start":{"line":2,"column":0},"end":{"line":2,"column":53}},"2":{"start":{"line":3,"column":0},"end":{"line":3,"column":44}},"3":{"start":{"line":4,"column":0},"end":{"line":4,"column":50}},"4":{"start":{"line":5,"column":0},"end":{"line":5,"column":38}},"5":{"start":{"line":6,"column":0},"end":{"line":6,"column":45}},"6":{"start":{"line":7,"column":0},"end":{"line":7,"column":0}},"7":{"start":{"line":8,"column":0},"end":{"line":8,"column":61}},"8":{"start":{"line":9,"column":0},"end":{"line":9,"column":12}},"9":{"start":{"line":10,"column":0},"end":{"line":10,"column":6}},"10":{"start":{"line":11,"column":0},"end":{"line":11,"column":32}},"11":{"start":{"line":12,"column":0},"end":{"line":12,"column":50}},"12":{"start":{"line":13,"column":0},"end":{"line":13,"column":5}},"13":{"start":{"line":14,"column":0},"end":{"line":14,"column":52}},"14":{"start":{"line":15,"column":0},"end":{"line":15,"column":3}},"15":{"start":{"line":16,"column":0},"end":{"line":16,"column":0}},"16":{"start":{"line":17,"column":0},"end":{"line":17,"column":15}},"17":{"start":{"line":18,"column":0},"end":{"line":18,"column":16}},"18":{"start":{"line":19,"column":0},"end":{"line":19,"column":79}},"19":{"start":{"line":20,"column":0},"end":{"line":20,"column":6}},"20":{"start":{"line":21,"column":0},"end":{"line":21,"column":3}},"21":{"start":{"line":22,"column":0},"end":{"line":22,"column":0}},"22":{"start":{"line":23,"column":0},"end":{"line":23,"column":60}},"23":{"start":{"line":24,"column":0},"end":{"line":24,"column":0}},"24":{"start":{"line":25,"column":0},"end":{"line":25,"column":54}},"25":{"start":{"line":26,"column":0},"end":{"line":26,"column":0}},"26":{"start":{"line":27,"column":0},"end":{"line":27,"column":21}},"27":{"start":{"line":28,"column":0},"end":{"line":28,"column":16}},"28":{"start":{"line":29,"column":0},"end":{"line":29,"column":19}},"29":{"start":{"line":30,"column":0},"end":{"line":30,"column":65}},"30":{"start":{"line":31,"column":0},"end":{"line":31,"column":12}},"31":{"start":{"line":32,"column":0},"end":{"line":32,"column":8}},"32":{"start":{"line":33,"column":0},"end":{"line":33,"column":6}},"33":{"start":{"line":34,"column":0},"end":{"line":34,"column":3}},"34":{"start":{"line":35,"column":0},"end":{"line":35,"column":0}},"35":{"start":{"line":36,"column":0},"end":{"line":36,"column":65}},"36":{"start":{"line":37,"column":0},"end":{"line":37,"column":54}},"37":{"start":{"line":38,"column":0},"end":{"line":38,"column":16}},"38":{"start":{"line":39,"column":0},"end":{"line":39,"column":80}},"39":{"start":{"line":40,"column":0},"end":{"line":40,"column":6}},"40":{"start":{"line":41,"column":0},"end":{"line":41,"column":3}},"41":{"start":{"line":42,"column":0},"end":{"line":42,"column":0}},"42":{"start":{"line":43,"column":0},"end":{"line":43,"column":25}},"43":{"start":{"line":44,"column":0},"end":{"line":44,"column":9}},"44":{"start":{"line":45,"column":0},"end":{"line":45,"column":3}},"45":{"start":{"line":46,"column":0},"end":{"line":46,"column":0}},"46":{"start":{"line":47,"column":0},"end":{"line":47,"column":28}}},"s":{"0":1,"1":1,"2":1,"3":1,"4":1,"5":1,"6":1,"7":1,"8":40,"9":40,"10":40,"11":35,"12":40,"13":35,"14":35,"15":40,"16":40,"17":5,"18":5,"19":5,"20":5,"21":35,"22":35,"23":35,"24":35,"25":32,"26":40,"27":2,"28":2,"29":2,"30":2,"31":2,"32":2,"33":2,"34":30,"35":30,"36":40,"37":1,"38":1,"39":1,"40":1,"41":29,"42":29,"43":29,"44":1,"45":1,"46":1},"branchMap":{"0":{"type":"branch","line":8,"loc":{"start":{"line":8,"column":34},"end":{"line":45,"column":2}},"locations":[{"start":{"line":8,"column":34},"end":{"line":45,"column":2}}]},"1":{"type":"branch","line":11,"loc":{"start":{"line":11,"column":29},"end":{"line":12,"column":50}},"locations":[{"start":{"line":11,"column":29},"end":{"line":12,"column":50}}]},"2":{"type":"branch","line":13,"loc":{"start":{"line":13,"column":4},"end":{"line":15,"column":3}},"locations":[{"start":{"line":13,"column":4},"end":{"line":15,"column":3}}]},"3":{"type":"branch","line":17,"loc":{"start":{"line":17,"column":14},"end":{"line":21,"column":3}},"locations":[{"start":{"line":17,"column":14},"end":{"line":21,"column":3}}]},"4":{"type":"branch","line":21,"loc":{"start":{"line":21,"column":2},"end":{"line":27,"column":20}},"locations":[{"start":{"line":21,"column":2},"end":{"line":27,"column":20}}]},"5":{"type":"branch","line":21,"loc":{"start":{"line":21,"column":2},"end":{"line":25,"column":54}},"locations":[{"start":{"line":21,"column":2},"end":{"line":25,"column":54}}]},"6":{"type":"branch","line":25,"loc":{"start":{"line":25,"column":53},"end":{"line":27,"column":20}},"locations":[{"start":{"line":25,"column":53},"end":{"line":27,"column":20}}]},"7":{"type":"branch","line":27,"loc":{"start":{"line":27,"column":20},"end":{"line":34,"column":3}},"locations":[{"start":{"line":27,"column":20},"end":{"line":34,"column":3}}]},"8":{"type":"branch","line":34,"loc":{"start":{"line":34,"column":2},"end":{"line":37,"column":53}},"locations":[{"start":{"line":34,"column":2},"end":{"line":37,"column":53}}]},"9":{"type":"branch","line":37,"loc":{"start":{"line":37,"column":53},"end":{"line":45,"column":2}},"locations":[{"start":{"line":37,"column":53},"end":{"line":45,"column":2}}]},"10":{"type":"branch","line":37,"loc":{"start":{"line":37,"column":53},"end":{"line":41,"column":3}},"locations":[{"start":{"line":37,"column":53},"end":{"line":41,"column":3}}]},"11":{"type":"branch","line":41,"loc":{"start":{"line":41,"column":2},"end":{"line":45,"column":2}},"locations":[{"start":{"line":41,"column":2},"end":{"line":45,"column":2}}]}},"b":{"0":[40],"1":[35],"2":[35],"3":[5],"4":[39],"5":[35],"6":[32],"7":[2],"8":[30],"9":[37],"10":[1],"11":[29]},"fnMap":{},"f":{}}
,"C:\\Users\\MichaelKwameAppiah\\OneDrive - AmaliTech gGmbH\\Desktop\\labs\\Week 7\\middlewares\\restrictTo.mjs": {"path":"C:\\Users\\MichaelKwameAppiah\\OneDrive - AmaliTech gGmbH\\Desktop\\labs\\Week 7\\middlewares\\restrictTo.mjs","all":false,"statementMap":{"0":{"start":{"line":1,"column":0},"end":{"line":1,"column":45}},"1":{"start":{"line":2,"column":0},"end":{"line":2,"column":0}},"2":{"start":{"line":3,"column":0},"end":{"line":3,"column":50}},"3":{"start":{"line":4,"column":0},"end":{"line":4,"column":31}},"4":{"start":{"line":5,"column":0},"end":{"line":5,"column":16}},"5":{"start":{"line":6,"column":0},"end":{"line":6,"column":77}},"6":{"start":{"line":7,"column":0},"end":{"line":7,"column":6}},"7":{"start":{"line":8,"column":0},"end":{"line":8,"column":3}},"8":{"start":{"line":9,"column":0},"end":{"line":9,"column":0}},"9":{"start":{"line":10,"column":0},"end":{"line":10,"column":9}},"10":{"start":{"line":11,"column":0},"end":{"line":11,"column":2}},"11":{"start":{"line":12,"column":0},"end":{"line":12,"column":0}},"12":{"start":{"line":13,"column":0},"end":{"line":13,"column":26}}},"s":{"0":1,"1":1,"2":1,"3":18,"4":7,"5":7,"6":7,"7":7,"8":11,"9":11,"10":11,"11":1,"12":1},"branchMap":{"0":{"type":"branch","line":3,"loc":{"start":{"line":3,"column":20},"end":{"line":11,"column":2}},"locations":[{"start":{"line":3,"column":20},"end":{"line":11,"column":2}}]},"1":{"type":"branch","line":3,"loc":{"start":{"line":3,"column":29},"end":{"line":11,"column":2}},"locations":[{"start":{"line":3,"column":29},"end":{"line":11,"column":2}}]},"2":{"type":"branch","line":4,"loc":{"start":{"line":4,"column":30},"end":{"line":8,"column":3}},"locations":[{"start":{"line":4,"column":30},"end":{"line":8,"column":3}}]},"3":{"type":"branch","line":8,"loc":{"start":{"line":8,"column":2},"end":{"line":11,"column":2}},"locations":[{"start":{"line":8,"column":2},"end":{"line":11,"column":2}}]}},"b":{"0":[31],"1":[18],"2":[7],"3":[11]},"fnMap":{"0":{"name":"restrictTo","decl":{"start":{"line":3,"column":20},"end":{"line":11,"column":2}},"loc":{"start":{"line":3,"column":20},"end":{"line":11,"column":2}},"line":3}},"f":{"0":31}}
,"C:\\Users\\MichaelKwameAppiah\\OneDrive - AmaliTech gGmbH\\Desktop\\labs\\Week 7\\models\\course.mjs": {"path":"C:\\Users\\MichaelKwameAppiah\\OneDrive - AmaliTech gGmbH\\Desktop\\labs\\Week 7\\models\\course.mjs","all":false,"statementMap":{"0":{"start":{"line":1,"column":0},"end":{"line":1,"column":32}},"1":{"start":{"line":2,"column":0},"end":{"line":2,"column":0}},"2":{"start":{"line":3,"column":0},"end":{"line":3,"column":42}},"3":{"start":{"line":4,"column":0},"end":{"line":4,"column":9}},"4":{"start":{"line":5,"column":0},"end":{"line":5,"column":17}},"5":{"start":{"line":6,"column":0},"end":{"line":6,"column":52}},"6":{"start":{"line":7,"column":0},"end":{"line":7,"column":15}},"7":{"start":{"line":8,"column":0},"end":{"line":8,"column":4}},"8":{"start":{"line":9,"column":0},"end":{"line":9,"column":9}},"9":{"start":{"line":10,"column":0},"end":{"line":10,"column":17}},"10":{"start":{"line":11,"column":0},"end":{"line":11,"column":52}},"11":{"start":{"line":12,"column":0},"end":{"line":12,"column":17}},"12":{"start":{"line":13,"column":0},"end":{"line":13,"column":15}},"13":{"start":{"line":14,"column":0},"end":{"line":14,"column":20}},"14":{"start":{"line":15,"column":0},"end":{"line":15,"column":4}},"15":{"start":{"line":16,"column":0},"end":{"line":16,"column":16}},"16":{"start":{"line":17,"column":0},"end":{"line":17,"column":17}},"17":{"start":{"line":18,"column":0},"end":{"line":18,"column":59}},"18":{"start":{"line":19,"column":0},"end":{"line":19,"column":4}},"19":{"start":{"line":20,"column":0},"end":{"line":20,"column":15}},"20":{"start":{"line":21,"column":0},"end":{"line":21,"column":17}},"21":{"start":{"line":22,"column":0},"end":{"line":22,"column":51}},"22":{"start":{"line":23,"column":0},"end":{"line":23,"column":4}},"23":{"start":{"line":24,"column":0},"end":{"line":24,"column":12}},"24":{"start":{"line":25,"column":0},"end":{"line":25,"column":17}},"25":{"start":{"line":26,"column":0},"end":{"line":26,"column":19}},"26":{"start":{"line":27,"column":0},"end":{"line":27,"column":11}},"27":{"start":{"line":28,"column":0},"end":{"line":28,"column":11}},"28":{"start":{"line":29,"column":0},"end":{"line":29,"column":4}},"29":{"start":{"line":30,"column":0},"end":{"line":30,"column":16}},"30":{"start":{"line":31,"column":0},"end":{"line":31,"column":5}},"31":{"start":{"line":32,"column":0},"end":{"line":32,"column":37}},"32":{"start":{"line":33,"column":0},"end":{"line":33,"column":24}},"33":{"start":{"line":34,"column":0},"end":{"line":34,"column":21}},"34":{"start":{"line":35,"column":0},"end":{"line":35,"column":6}},"35":{"start":{"line":36,"column":0},"end":{"line":36,"column":4}},"36":{"start":{"line":37,"column":0},"end":{"line":37,"column":3}},"37":{"start":{"line":38,"column":0},"end":{"line":38,"column":0}},"38":{"start":{"line":39,"column":0},"end":{"line":39,"column":32}},"39":{"start":{"line":40,"column":0},"end":{"line":40,"column":35}},"40":{"start":{"line":41,"column":0},"end":{"line":41,"column":0}},"41":{"start":{"line":42,"column":0},"end":{"line":42,"column":54}},"42":{"start":{"line":43,"column":0},"end":{"line":43,"column":0}},"43":{"start":{"line":44,"column":0},"end":{"line":44,"column":22}}},"s":{"0":1,"1":1,"2":1,"3":1,"4":1,"5":1,"6":1,"7":1,"8":1,"9":1,"10":1,"11":1,"12":1,"13":1,"14":1,"15":1,"16":1,"17":1,"18":1,"19":1,"20":1,"21":1,"22":1,"23":1,"24":1,"25":1,"26":1,"27":1,"28":1,"29":1,"30":1,"31":1,"32":1,"33":1,"34":1,"35":1,"36":1,"37":1,"38":1,"39":1,"40":1,"41":1,"42":1,"43":1},"branchMap":{},"b":{},"fnMap":{},"f":{}}
,"C:\\Users\\MichaelKwameAppiah\\OneDrive - AmaliTech gGmbH\\Desktop\\labs\\Week 7\\models\\enrollment.mjs": {"path":"C:\\Users\\MichaelKwameAppiah\\OneDrive - AmaliTech gGmbH\\Desktop\\labs\\Week 7\\models\\enrollment.mjs","all":false,"statementMap":{"0":{"start":{"line":1,"column":0},"end":{"line":1,"column":32}},"1":{"start":{"line":2,"column":0},"end":{"line":2,"column":36}},"2":{"start":{"line":3,"column":0},"end":{"line":3,"column":41}},"3":{"start":{"line":4,"column":0},"end":{"line":4,"column":0}},"4":{"start":{"line":5,"column":0},"end":{"line":5,"column":46}},"5":{"start":{"line":6,"column":0},"end":{"line":6,"column":12}},"6":{"start":{"line":7,"column":0},"end":{"line":7,"column":35}},"7":{"start":{"line":8,"column":0},"end":{"line":8,"column":19}},"8":{"start":{"line":9,"column":0},"end":{"line":9,"column":49}},"9":{"start":{"line":10,"column":0},"end":{"line":10,"column":4}},"10":{"start":{"line":11,"column":0},"end":{"line":11,"column":11}},"11":{"start":{"line":12,"column":0},"end":{"line":12,"column":35}},"12":{"start":{"line":13,"column":0},"end":{"line":13,"column":18}},"13":{"start":{"line":14,"column":0},"end":{"line":14,"column":48}},"14":{"start":{"line":15,"column":0},"end":{"line":15,"column":4}},"15":{"start":{"line":16,"column":0},"end":{"line":16,"column":19}},"16":{"start":{"line":17,"column":0},"end":{"line":17,"column":15}},"17":{"start":{"line":18,"column":0},"end":{"line":18,"column":22}},"18":{"start":{"line":19,"column":0},"end":{"line":19,"column":4}},"19":{"start":{"line":20,"column":0},"end":{"line":20,"column":11}},"20":{"start":{"line":21,"column":0},"end":{"line":21,"column":17}},"21":{"start":{"line":22,"column":0},"end":{"line":22,"column":45}},"22":{"start":{"line":23,"column":0},"end":{"line":23,"column":22}},"23":{"start":{"line":24,"column":0},"end":{"line":24,"column":4}},"24":{"start":{"line":25,"column":0},"end":{"line":25,"column":10}},"25":{"start":{"line":26,"column":0},"end":{"line":26,"column":17}},"26":{"start":{"line":27,"column":0},"end":{"line":27,"column":18}},"27":{"start":{"line":28,"column":0},"end":{"line":28,"column":41}},"28":{"start":{"line":29,"column":0},"end":{"line":29,"column":4}},"29":{"start":{"line":30,"column":0},"end":{"line":30,"column":3}},"30":{"start":{"line":31,"column":0},"end":{"line":31,"column":0}},"31":{"start":{"line":32,"column":0},"end":{"line":32,"column":68}},"32":{"start":{"line":33,"column":0},"end":{"line":33,"column":0}},"33":{"start":{"line":34,"column":0},"end":{"line":34,"column":52}},"34":{"start":{
[...]
,"C:\\Users\\MichaelKwameAppiah\\OneDrive - AmaliTech gGmbH\\Desktop\\labs\\Week 7\\routes\\enrollment.mjs": {"path":"C:\\Users\\MichaelKwameAppiah\\OneDrive - AmaliTech gGmbH\\Desktop\\labs\\Week 7\\routes\\enrollment.mjs","all":false,"statementMap":{"0":{"start":{"line":1,"column":0},"end":{"line":1,"column":30}},"1":{"start":{"line":2,"column":0},"end":{"line":2,"column":8}},"2":{"start":{"line":3,"column":0},"end":{"line":3,"column":19}},"3":{"start":{"line":4,"column":0},"end":{"line":4,"column":19}},"4":{"start":{"line":5,"column":0},"end":{"line":5,"column":23}},"5":{"start":{"line":6,"column":0},"end":{"line":6,"column":20}},"6":{"start":{"line":7,"column":0},"end":{"line":7,"column":23}},"7":{"start":{"line":8,"column":0},"end":{"line":8,"column":39}},"8":{"start":{"line":9,"column":0},"end":{"line":9,"column":0}},"9":{"start":{"line":10,"column":0},"end":{"line":10,"column":59}},"10":{"start":{"line":11,"column":0},"end":{"line":11,"column":55}},"11":{"start":{"line":12,"column":0},"end":{"line":12,"column":0}},"12":{"start":{"line":13,"column":0},"end":{"line":13,"column":32}},"13":{"start":{"line":14,"column":0},"end":{"line":14,"column":0}},"14":{"start":{"line":15,"column":0},"end":{"line":15,"column":25}},"15":{"start":{"line":16,"column":0},"end":{"line":16,"column":0}},"16":{"start":{"line":17,"column":0},"end":{"line":17,"column":64}},"17":{"start":{"line":18,"column":0},"end":{"line":18,"column":56}},"18":{"start":{"line":19,"column":0},"end":{"line":19,"column":11}},"19":{"start":{"line":20,"column":0},"end":{"line":20,"column":24}},"20":{"start":{"line":21,"column":0},"end":{"line":21,"column":27}},"21":{"start":{"line":22,"column":0},"end":{"line":22,"column":23}},"22":{"start":{"line":23,"column":0},"end":{"line":23,"column":2}},"23":{"start":{"line":24,"column":0},"end":{"line":24,"column":50}},"24":{"start":{"line":25,"column":0},"end":{"line":25,"column":0}},"25":{"start":{"line":26,"column":0},"end":{"line":26,"column":22}}},"s":{"0":1,"1":1,"2":1,"3":1,"4":1,"5":1,"6":1,"7":1,"8":1,"9":1,"10":1,"11":1,"12":1,"13":1,"14":1,"15":1,"16":1,"17":1,"18":1,"19":1,"20":1,"21":1,"22":1,"23":1,"24":1,"25":1},"branchMap":{},"b":{},"fnMap":{},"f":{}}
,"C:\\Users\\MichaelKwameAppiah\\OneDrive - AmaliTech gGmbH\\Desktop\\labs\\Week 7\\routes\\instructor.mjs": {"path":"C:\\Users\\MichaelKwameAppiah\\OneDrive - AmaliTech gGmbH\\Desktop\\labs\\Week 7\\routes\\instructor.mjs","all":false,"statementMap":{"0":{"start":{"line":1,"column":0},"end":{"line":1,"column":30}},"1":{"start":{"line":2,"column":0},"end":{"line":2,"column":8}},"2":{"start":{"line":3,"column":0},"end":{"line":3,"column":20}},"3":{"start":{"line":4,"column":0},"end":{"line":4,"column":19}},"4":{"start":{"line":5,"column":0},"end":{"line":5,"column":39}},"5":{"start":{"line":6,"column":0},"end":{"line":6,"column":0}},"6":{"start":{"line":7,"column":0},"end":{"line":7,"column":32}},"7":{"start":{"line":8,"column":0},"end":{"line":8,"column":0}},"8":{"start":{"line":9,"column":0},"end":{"line":9,"column":64}},"9":{"start":{"line":10,"column":0},"end":{"line":10,"column":0}},"10":{"start":{"line":11,"column":0},"end":{"line":11,"column":22}}},"s":{"0":1,"1":1,"2":1,"3":1,"4":1,"5":1,"6":1,"7":1,"8":1,"9":1,"10":1},"branchMap":{},"b":{},"fnMap":{},"f":{}}
,"C:\\Users\\MichaelKwameAppiah\\OneDrive - AmaliTech gGmbH\\Desktop\\labs\\Week 7\\routes\\sort.mjs": {"path":"C:\\Users\\MichaelKwameAppiah\\OneDrive - AmaliTech gGmbH\\Desktop\\labs\\Week 7\\routes\\sort.mjs","all":false,"statementMap":{"0":{"start":{"line":1,"column":0},"end":{"line":1,"column":30}},"1":{"start":{"line":2,"column":0},"end":{"line":2,"column":68}},"2":{"start":{"line":3,"column":0},"end":{"line":3,"column":0}},"3":{"start":{"line":4,"column":0},"end":{"line":4,"column":32}},"4":{"start":{"line":5,"column":0},"end":{"line":5,"column":0}},"5":{"start":{"line":6,"column":0},"end":{"line":6,"column":38}},"6":{"start":{"line":7,"column":0},"end":{"line":7,"column":36}},"7":{"start":{"line":8,"column":0},"end":{"line":8,"column":0}},"8":{"start":{"line":9,"column":0},"end":{"line":9,"column":22}}},"s":{"0":1,"1":1,"2":1,"3":1,"4":1,"5":1,"6":1,"7":1,"8":1},"branchMap":{},"b":{},"fnMap":{},"f":{}}
,"C:\\Users\\MichaelKwameAppiah\\OneDrive - AmaliTech gGmbH\\Desktop\\labs\\Week 7\\routes\\student.mjs": {"path":"C:\\Users\\MichaelKwameAppiah\\OneDrive - AmaliTech gGmbH\\Desktop\\labs\\Week 7\\routes\\student.mjs","all":false,"statementMap":{"0":{"start":{"line":1,"column":0},"end":{"line":1,"column":30}},"1":{"start":{"line":2,"column":0},"end":{"line":2,"column":8}},"2":{"start":{"line":3,"column":0},"end":{"line":3,"column":17}},"3":{"start":{"line":4,"column":0},"end":{"line":4,"column":16}},"4":{"start":{"line":5,"column":0},"end":{"line":5,"column":13}},"5":{"start":{"line":6,"column":0},"end":{"line":6,"column":16}},"6":{"start":{"line":7,"column":0},"end":{"line":7,"column":16}},"7":{"start":{"line":8,"column":0},"end":{"line":8,"column":36}},"8":{"start":{"line":9,"column":0},"end":{"line":9,"column":0}},"9":{"start":{"line":10,"column":0},"end":{"line":10,"column":59}},"10":{"start":{"line":11,"column":0},"end":{"line":11,"column":55}},"11":{"start":{"line":12,"column":0},"end":{"line":12,"column":0}},"12":{"start":{"line":13,"column":0},"end":{"line":13,"column":32}},"13":{"start":{"line":14,"column":0},"end":{"line":14,"column":0}},"14":{"start":{"line":15,"column":0},"end":{"line":15,"column":6}},"15":{"start":{"line":16,"column":0},"end":{"line":16,"column":13}},"16":{"start":{"line":17,"column":0},"end":{"line":17,"column":62}},"17":{"start":{"line":18,"column":0},"end":{"line":18,"column":63}},"18":{"start":{"line":19,"column":0},"end":{"line":19,"column":0}},"19":{"start":{"line":20,"column":0},"end":{"line":20,"column":6}},"20":{"start":{"line":21,"column":0},"end":{"line":21,"column":16}},"21":{"start":{"line":22,"column":0},"end":{"line":22,"column":18}},"22":{"start":{"line":23,"column":0},"end":{"line":23,"column":23}},"23":{"start":{"line":24,"column":0},"end":{"line":24,"column":65}},"24":{"start":{"line":25,"column":0},"end":{"line":25,"column":0}},"25":{"start":{"line":26,"column":0},"end":{"line":26,"column":22}}},"s":{"0":1,"1":1,"2":1,"3":1,"4":1,"5":1,"6":1,"7":1,"8":1,"9":1,"10":1,"11":1,"12":1,"13":1,"14":1,"15":1,"16":1,"17":1,"18":1,"19":1,"20":1,"21":1,"22":1,"23":1,"24":1,"25":1},"branchMap":{},"b":{},"fnMap":{},"f":{}}
,"C:\\Users\\MichaelKwameAppiah\\OneDrive - AmaliTech gGmbH\\Desktop\\labs\\Week 7\\utils\\AppError.mjs": {"path":"C:\\Users\\MichaelKwameAppiah\\OneDrive - AmaliTech gGmbH\\Desktop\\labs\\Week 7\\utils\\AppError.mjs","all":false,"statementMap":{"0":{"start":{"line":1,"column":0},"end":{"line":1,"column":30}},"1":{"start":{"line":2,"column":0},"end":{"line":2,"column":36}},"2":{"start":{"line":3,"column":0},"end":{"line":3,"column":19}},"3":{"start":{"line":4,"column":0},"end":{"line":4,"column":69}},"4":{"start":{"line":5,"column":0},"end":{"line":5,"column":33}},"5":{"start":{"line":6,"column":0},"end":{"line":6,"column":3}},"6":{"start":{"line":7,"column":0},"end":{"line":7,"column":1}},"7":{"start":{"line":8,"column":0},"end":{"line":8,"column":0}},"8":{"start":{"line":9,"column":0},"end":{"line":9,"column":24}}},"s":{"0":1,"1":1,"2":30,"3":30,"4":30,"5":30,"6":1,"7":1,"8":1},"branchMap":{"0":{"type":"branch","line":2,"loc":{"start":{"line":2,"column":2},"end":{"line":6,"column":3}},"locations":[{"start":{"line":2,"column":2},"end":{"line":6,"column":3}}]},"1":{"type":"branch","line":4,"loc":{"start":{"line":4,"column":49},"end":{"line":4,"column":58}},"locations":[{"start":{"line":4,"column":49},"end":{"line":4,"column":58}}]},"2":{"type":"branch","line":4,"loc":{"start":{"line":4,"column":58},"end":{"line":4,"column":68}},"locations":[{"start":{"line":4,"column":58},"end":{"line":4,"column":68}}]}},"b":{"0":[30],"1":[29],"2":[1]},"fnMap":{"0":{"name":"AppError","decl":{"start":{"line":2,"column":2},"end":{"line":6,"column":3}},"loc":{"start":{"line":2,"column":2},"end":{"line":6,"column":3}},"line":2}},"f":{"0":30}}
,"C:\\Users\\MichaelKwameAppiah\\OneDrive - AmaliTech gGmbH\\Desktop\\labs\\Week 7\\utils\\asyncHandler.mjs": {"path":"C:\\Users\\MichaelKwameAppiah\\OneDrive - AmaliTech gGmbH\\Desktop\\labs\\Week 7\\utils\\asyncHandler.mjs","all":false,"statementMap":{"0":{"start":{"line":1,"column":0},"end":{"line":1,"column":56}},"1":{"start":{"line":2,"column":0},"end":{"line":2,"column":7}},"2":{"start":{"line":3,"column":0},"end":{"line":3,"column":29}},"3":{"start":{"line":4,"column":0},"end":{"line":4,"column":19}},"4":{"start":{"line":5,"column":0},"end":{"line":5,"column":16}},"5":{"start":{"line":6,"column":0},"end":{"line":6,"column":3}},"6":{"start":{"line":7,"column":0},"end":{"line":7,"column":2}},"7":{"start":{"line":8,"column":0},"end":{"line":8,"column":0}},"8":{"start":{"line":9,"column":0},"end":{"line":9,"column":28}}},"s":{"0":1,"1":76,"2":76,"3":76,"4":4,"5":4,"6":76,"7":1,"8":1},"branchMap":{"0":{"type":"branch","line":1,"loc":{"start":{"line":1,"column":22},"end":{"line":7,"column":2}},"locations":[{"start":{"line":1,"column":22},"end":{"line":7,"column":2}}]},"1":{"type":"branch","line":1,"loc":{"start":{"line":1,"column":29},"end":{"line":7,"column":2}},"locations":[{"start":{"line":1,"column":29},"end":{"line":7,"column":2}}]},"2":{"type":"branch","line":3,"loc":{"start":{"line":3,"column":28},"end":{"line":4,"column":4}},"locations":[{"start":{"line":3,"column":28},"end":{"line":4,"column":4}}]},"3":{"type":"branch","line":4,"loc":{"start":{"line":4,"column":4},"end":{"line":6,"column":3}},"locations":[{"start":{"line":4,"column":4},"end":{"line":6,"column":3}}]}},"b":{"0":[93],"1":[76],"2":[72],"3":[4]},"fnMap":{"0":{"name":"asyncHandler","decl":{"start":{"line":1,"column":22},"end":{"line":7,"column":2}},"loc":{"start":{"line":1,"column":22},"end":{"line":7,"column":2}},"line":1}},"f":{"0":93}}
,"C:\\Users\\MichaelKwameAppiah\\OneDrive - AmaliTech gGmbH\\Desktop\\labs\\Week 7\\utils\\logger.mjs": {"path":"C:\\Users\\MichaelKwameAppiah\\OneDrive - AmaliTech gGmbH\\Desktop\\labs\\Week 7\\utils\\logger.mjs","all":false,"statementMap":{"0":{"start":{"line":1,"column":0},"end":{"line":1,"column":30}},"1":{"start":{"line":2,"column":0},"end":{"line":2,"column":0}},"2":{"start":{"line":3,"column":0},"end":{"line":3,"column":37}},"3":{"start":{"line":4,"column":0},"end":{"line":4,"column":41}},"4":{"start":{"line":5,"column":0},"end":{"line":5,"column":33}},"5":{"start":{"line":6,"column":0},"end":{"line":6,"column":43}},"6":{"start":{"line":7,"column":0},"end":{"line":7,"column":26}},"7":{"start":{"line":8,"column":0},"end":{"line":8,"column":4}},"8":{"start":{"line":9,"column":0},"end":{"line":9,"column":49}},"9":{"start":{"line":10,"column":0},"end":{"line":10,"column":56}},"10":{"start":{"line":11,"column":0},"end":{"line":11,"column":56}},"11":{"start":{"line":12,"column":0},"end":{"line":12,"column":3}},"12":{"start":{"line":13,"column":0},"end":{"line":13,"column":0}},"13":{"start":{"line":14,"column":0},"end":{"line":14,"column":22}}},"s":{"0":1,"1":1,"2":1,"3":1,"4":1,"5":1,"6":1,"7":1,"8":1,"9":1,"10":1,"11":1,"12":1,"13":1},"branchMap":{"0":{"type":"branch","line":4,"loc":{"start":{"line":4,"column":30},"end":{"line":4,"column":40}},"locations":[{"start":{"line":4,"column":30},"end":{"line":4,"column":40}}]}},"b":{"0":[15]},"fnMap":{},"f":{}}
,"C:\\Users\\MichaelKwameAppiah\\OneDrive - AmaliTech gGmbH\\Desktop\\labs\\Week 7\\utils\\pagination.mjs": {"path":"C:\\Users\\MichaelKwameAppiah\\OneDrive - AmaliTech gGmbH\\Desktop\\labs\\Week 7\\utils\\pagination.mjs","all":false,"statementMap":{"0":{"start":{"line":1,"column":0},"end":{"line":1,"column":38}},"1":{"start":{"line":2,"column":0},"end":{"line":2,"column":0}},"2":{"start":{"line":3,"column":0},"end":{"line":3,"column":38}},"3":{"start":{"line":4,"column":0},"end":{"line":4,"column":49}},"4":{"start":{"line":5,"column":0},"end":{"line":5,"column":53}},"5":{"start":{"line":6,"column":0},"end":{"line":6,"column":0}},"6":{"start":{"line":7,"column":0},"end":{"line":7,"column":30}},"7":{"start":{"line":8,"column":0},"end":{"line":8,"column":70}},"8":{"start":{"line":9,"column":0},"end":{"line":9,"column":3}},"9":{"start":{"line":10,"column":0},"end":{"line":10,"column":0}},"10":{"start":{"line":11,"column":0},"end":{"line":11,"column":34}},"11":{"start":{"line":12,"column":0},"end":{"line":12,"column":0}},"12":{"start":{"line":13,"column":0},"end":{"line":13,"column":25}},"13":{"start":{"line":14,"column":0},"end":{"line":14,"column":2}},"14":{"start":{"line":15,"column":0},"end":{"line":15,"column":0}},"15":{"start":{"line":16,"column":0},"end":{"line":16,"column":29}}},"s":{"0":1,"1":1,"2":1,"3":10,"4":10,"5":10,"6":10,"7":1,"8":1,"9":9,"10":9,"11":9,"12":9,"13":9,"14":1,"15":1},"branchMap":{"0":{"type":"branch","line":3,"loc":{"start":{"line":3,"column":22},"end":{"line":14,"column":2}},"locations":[{"start":{"line":3,"column":22},"end":{"line":14,"column":2}}]},"1":{"type":"branch","line":4,"loc":{"start":{"line":4,"column":43},"end":{"line":4,"column":48}},"locations":[{"start":{"line":4,"column":43},"end":{"line":4,"column":48}}]},"2":{"type":"branch","line":5,"loc":{"start":{"line":5,"column":45},"end":{"line":5,"column":52}},"locations":[{"start":{"line":5,"column":45},"end":{"line":5,"column":52}}]},"3":{"type":"branch","line":7,"loc":{"start":{"line":7,"column":14},"end":{"line":7,"column":27}},"locations":[{"start":{"line":7,"column":14},"end":{"line":7,"column":27}}]},"4":{"type":"branch","line":7,"loc":{"start":{"line":7,"column":29},"end":{"line":9,"column":3}},"locations":[{"start":{"line":7,"column":29},"end":{"line":9,"column":3}}]},"5":{"type":"branch","line":9,"loc":{"start":{"line":9,"column":2},"end":{"line":14,"column":2}},"locations":[{"start":{"line":9,"column":2},"end":{"line":14,"column":2}}]}},"b":{"0":[10],"1":[3],"2":[3],"3":[9],"4":[1],"5":[9]},"fnMap":{"0":{"name":"getPagination","decl":{"start":{"line":3,"column":22},"end":{"line":14,"column":2}},"loc":{"start":{"line":3,"column":22},"end":{"line":14,"column":2}},"line":3}},"f":{"0":10}}
,"C:\\Users\\MichaelKwameAppiah\\OneDrive - AmaliTech gGmbH\\Desktop\\labs\\Week 7\\utils\\quickSort.mjs": {"path":"C:\\Users\\MichaelKwameAppiah\\OneDrive - AmaliTech gGmbH\\Desktop\\labs\\Week 7\\utils\\quickSort.mjs","all":false,"statementMap":{"0":{"start":{"line":1,"column":0},"end":{"line":1,"column":42}},"1":{"start":{"line":2,"column":0},"end":{"line":2,"column":34}},"2":{"start":{"line":3,"column":0},"end":{"line":3,"column":36}},"3":{"start":{"line":4,"column":0},"end":{"line":4,"column":18}},"4":{"start":{"line":5,"column":0},"end":{"line":5,"column":19}},"5":{"start":{"line":6,"column":0},"end":{"line":6,"column":0}},"6":{"start":{"line":7,"column":0},"end":{"line":7,"column":44}},"7":{"start":{"line":8,"column":0},"end":{"line":8,"column":8}},"8":{"start":{"line":9,"column":0},"end":{"line":9,"column":59}},"9":{"start":{"line":10,"column":0},"end":{"line":10,"column":57}},"10":{"start":{"line":11,"column":0},"end":{"line":11,"column":7}},"11":{"start":{"line":12,"column":0},"end":{"line":12,"column":24}},"12":{"start":{"line":13,"column":0},"end":{"line":13,"column":12}},"13":{"start":{"line":14,"column":0},"end":{"line":14,"column":25}},"14":{"start":{"line":15,"column":0},"end":{"line":15,"column":5}},"15":{"start":{"line":16,"column":0},"end":{"line":16,"column":3}},"16":{"start":{"line":17,"column":0},"end":{"line":17,"column":10}},"17":{"start":{"line":18,"column":0},"end":{"line":18,"column":37}},"18":{"start":{"line":19,"column":0},"end":{"line":19,"column":10}},"19":{"start":{"line":20,"column":0},"end":{"line":20,"column":38}},"20":{"start":{"line":21,"column":0},"end":{"line":21,"column":4}},"21":{"start":{"line":22,"column":0},"end":{"line":22,"column":2}},"22":{"start":{"line":23,"column":0},"end":{"line":23,"column":0}},"23":{"start":{"line":24,"column":0},"end":{"line":24,"column":25}}},"s":{"0":1,"1":19,"2":6,"3":6,"4":6,"5":6,"6":19,"7":11,"8":11,"9":7,"10":11,"11":6,"12":11,"13":5,"14":5,"15":11,"16":6,"17":6,"18":6,"19":6,"20":6,"21":6,"22":1,"23":1},"branchMap":{"0":{"type":"branch","line":1,"loc":{"start":{"line":1,"column":18},"end":{"line":22,"column":2}},"locations":[{"start":{"line":1,"column":18},"end":{"line":22,"column":2}}]},"1":{"type":"branch","line":2,"loc":{"start":{"line":2,"column":23},"end":{"line":2,"column":34}},"locations":[{"start":{"line":2,"column":23},"end":{"line":2,"column":34}}]},"2":{"type":"branch","line":2,"loc":{"start":{"line":2,"column":33},"end":{"line":7,"column":43}},"locations":[{"start":{"line":2,"column":33},"end":{"line":7,"column":43}}]},"3":{"type":"branch","line":7,"loc":{"start":{"line":7,"column":43},"end":{"line":16,"column":3}},"locations":[{"start":{"line":7,"column":43},"end":{"line":16,"column":3}}]},"4":{"type":"branch","line":9,"loc":{"start":{"line":9,"column":22},"end":{"line":9,"column":55}},"locations":[{"start":{"line":9,"column":22},"end":{"line":9,"column":55}}]},"5":{"type":"branch","line":9,"loc":{"start":{"line":9,"column":55},"end":{"line":10,"column":57}},"locations":[{"start":{"line":9,"column":55},"end":{"line":10,"column":57}}]},"6":{"type":"branch","line":10,"loc":{"start":{"line":10,"column":23},"end":{"line":10,"column":57}},"locations":[{"start":{"line":10,"column":23},"end":{"line":10,"column":57}}]},"7":{"type":"branch","line":11,"loc":{"start":{"line":11,"column":6},"end":{"line":13,"column":5}},"locations":[{"start":{"line":11,"column":6},"end":{"line":13,"column":5}}]},"8":{"type":"branch","line":13,"loc":{"start":{"line":13,"column":5},"end":{"line":15,"column":5}},"locations":[{"start":{"line":13,"column":5},"end":{"line":15,"column":5}}]},"9":{"type":"branch","line":16,"loc":{"start":{"line":16,"column":2},"end":{"line":22,"column":2}},"locations":[{"start":{"line":16,"column":2},"end":{"line":22,"column":2}}]}},"b":{"0":[19],"1":[13],"2":[6],"3":[11],"4":[7],"5":[7],"6":[4],"7":[6],"8":[5],"9":[6]},"fnMap":{"0":{"name":"quickSort","decl":{"start":{"line":1,"column":18},"end":{"line":22,"column":2}},"loc":{"start":{"line":1,"column":18},"end":{"line":22,"column":2}},"line":1}},"f":{"0":19}}
,"C:\\Users\\MichaelKwameAppiah\\OneDrive - AmaliTech gGmbH\\Desktop\\labs\\Week 7\\utils\\rateLimiter.mjs": {"path":"C:\\Users\\MichaelKwameAppiah\\OneDrive - AmaliTech gGmbH\\Desktop\\labs\\Week 7\\utils\\rateLimiter.mjs","all":false,"statementMap":{"0":{"start":{"line":1,"column":0},"end":{"line":1,"column":43}},"1":{"start":{"line":2,"column":0},"end":{"line":2,"column":0}},"2":{"start":{"line":3,"column":0},"end":{"line":3,"column":27}},"3":{"start":{"line":4,"column":0},"end":{"line":4,"column":13}},"4":{"start":{"line":5,"column":0},"end":{"line":5,"column":27}},"5":{"start":{"line":6,"column":0},"end":{"line":6,"column":73}},"6":{"start":{"line":7,"column":0},"end":{"line":7,"column":3}},"7":{"start":{"line":8,"column":0},"end":{"line":8,"column":0}},"8":{"start":{"line":9,"column":0},"end":{"line":9,"column":23}}},"s":{"0":1,"1":1,"2":1,"3":1,"4":1,"5":1,"6":1,"7":1,"8":1},"branchMap":{},"b":{},"fnMap":{},"f":{}}
,"C:\\Users\\MichaelKwameAppiah\\OneDrive - AmaliTech gGmbH\\Desktop\\labs\\Week 7\\utils\\regexPatterns.mjs": {"path":"C:\\Users\\MichaelKwameAppiah\\OneDrive - AmaliTech gGmbH\\Desktop\\labs\\Week 7\\utils\\regexPatterns.mjs","all":false,"statementMap":{"0":{"start":{"line":1,"column":0},"end":{"line":1,"column":16}},"1":{"start":{"line":2,"column":0},"end":{"line":2,"column":57}},"2":{"start":{"line":3,"column":0},"end":{"line":3,"column":63}},"3":{"start":{"line":4,"column":0},"end":{"line":4,"column":46}},"4":{"start":{"line":5,"column":0},"end":{"line":5,"column":2}}},"s":{"0":1,"1":1,"2":1,"3":1,"4":1},"branchMap":{},"b":{},"fnMap":{},"f":{}}
}
