TN:
SF:config\redisClient.mjs
FNF:0
FNH:0
DA:1,1
DA:2,1
DA:3,1
DA:4,1
DA:5,1
DA:6,1
DA:7,1
DA:8,1
DA:9,1
DA:10,1
DA:11,1
DA:12,1
DA:13,1
DA:14,1
LF:14
LH:14
BRF:0
BRH:0
end_of_record
TN:
SF:controllers\auth.mjs
FN:9,signToken
FN:14,createSendToken
FNF:2
FNH:2
FNDA:5,signToken
FNDA:4,createSendToken
DA:1,1
DA:2,1
DA:3,1
DA:4,1
DA:5,1
DA:6,1
DA:7,1
DA:8,1
DA:9,1
DA:10,5
DA:11,5
DA:12,1
DA:13,1
DA:14,1
DA:15,4
DA:16,4
DA:17,4
DA:18,4
DA:19,4
DA:20,4
DA:21,4
DA:22,4
DA:23,4
DA:24,4
DA:25,4
DA:26,4
DA:27,4
DA:28,4
DA:29,4
DA:30,4
DA:31,4
DA:32,4
DA:33,4
DA:34,4
DA:35,4
DA:36,4
DA:37,4
DA:38,4
DA:39,4
DA:40,1
DA:41,1
DA:42,1
DA:43,1
DA:44,1
DA:45,1
DA:46,1
DA:47,1
DA:48,3
DA:49,3
DA:50,3
DA:51,1
DA:52,1
DA:53,2
DA:54,2
DA:55,2
DA:56,3
DA:57,1
DA:58,1
DA:59,1
DA:60,1
DA:61,1
DA:62,1
DA:63,1
DA:64,2
DA:65,2
DA:66,2
DA:67,1
DA:68,1
DA:69,1
DA:70,1
DA:71,1
DA:72,1
DA:73,1
DA:74,1
DA:75,1
DA:76,1
DA:77,1
DA:78,1
DA:79,1
DA:80,1
DA:81,1
DA:82,1
DA:83,1
DA:84,1
DA:85,1
DA:86,1
DA:87,2
DA:88,2
DA:89,2
DA:90,2
DA:91,2
DA:92,2
DA:93,2
DA:94,2
DA:95,2
DA:96,2
DA:97,2
DA:98,1
DA:99,1
DA:100,1
DA:101,1
DA:102,1
DA:103,1
DA:104,1
DA:105,1
DA:106,1
DA:107,1
LF:107
LH:107
BRDA:9,0,0,5
BRDA:14,1,0,4
BRDA:28,2,0,1
BRDA:41,3,0,1
BRDA:47,4,0,3
BRDA:50,5,0,2
BRDA:50,6,0,1
BRDA:52,7,0,2
BRDA:56,8,0,1
BRDA:56,9,0,1
BRDA:63,10,0,2
BRDA:66,11,0,1
BRDA:86,12,0,2
BRDA:97,13,0,1
BRF:14
BRH:14
end_of_record
TN:
SF:controllers\course.mjs
FNF:0
FNH:0
DA:1,1
DA:2,1
DA:3,1
DA:4,1
DA:5,1
DA:6,1
DA:7,2
DA:8,2
DA:9,2
DA:10,2
DA:11,2
DA:12,2
DA:13,2
DA:14,2
DA:15,2
DA:16,2
DA:17,2
DA:18,2
DA:19,1
DA:20,1
DA:21,1
DA:22,2
DA:23,2
DA:24,2
DA:25,1
DA:26,1
DA:27,1
DA:28,1
DA:29,1
DA:30,1
DA:31,1
DA:32,1
DA:33,1
DA:34,1
DA:35,1
DA:36,1
DA:37,1
DA:38,1
DA:39,1
DA:40,1
DA:41,1
DA:42,1
DA:43,2
DA:44,2
DA:45,2
DA:46,2
DA:47,2
DA:48,2
DA:49,2
DA:50,2
DA:51,2
DA:52,2
DA:53,1
DA:54,1
DA:55,1
DA:56,1
DA:57,1
DA:58,1
DA:59,1
DA:60,1
DA:61,1
DA:62,1
DA:63,2
DA:64,2
DA:65,2
DA:66,1
DA:67,1
DA:68,1
DA:69,1
DA:70,1
DA:71,1
DA:72,1
DA:73,1
LF:73
LH:73
BRDA:6,0,0,2
BRDA:21,1,0,2
BRDA:24,2,0,1
BRDA:33,3,0,1
BRDA:42,4,0,2
BRDA:52,5,0,1
BRDA:62,6,0,2
BRDA:65,7,0,1
BRF:8
BRH:8
end_of_record
TN:
SF:controllers\enrollment.mjs
FNF:0
FNH:0
DA:1,1
DA:2,1
DA:3,1
DA:4,1
DA:5,1
DA:6,1
DA:7,1
DA:8,1
DA:9,2
DA:10,2
DA:11,2
DA:12,2
DA:13,2
DA:14,2
DA:15,2
DA:16,2
DA:17,1
DA:18,1
DA:19,1
DA:20,5
DA:21,5
DA:22,5
DA:23,1
DA:24,1
DA:25,4
DA:26,4
DA:27,4
DA:28,4
DA:29,4
DA:30,4
DA:31,5
DA:32,5
DA:33,2
DA:34,2
DA:35,2
DA:36,2
DA:37,2
DA:38,2
DA:39,5
DA:40,1
DA:41,1
DA:42,1
DA:43,1
DA:44,1
DA:45,1
DA:46,1
DA:47,1
DA:48,1
DA:49,1
DA:50,1
DA:51,1
DA:52,1
DA:53,1
DA:54,2
DA:55,2
DA:56,2
DA:57,2
DA:58,2
DA:59,1
DA:60,1
DA:61,1
DA:62,1
DA:63,1
DA:64,1
DA:65,1
DA:66,1
DA:67,1
DA:68,1
DA:69,1
DA:70,1
DA:71,3
DA:72,3
DA:73,3
DA:74,1
DA:75,1
DA:76,2
DA:77,2
DA:78,2
DA:79,2
DA:80,3
DA:81,1
DA:82,1
DA:83,1
DA:84,1
DA:85,1
DA:86,1
DA:87,1
DA:88,1
DA:89,1
DA:90,1
DA:91,1
DA:92,1
DA:93,3
DA:94,3
DA:95,3
DA:96,3
DA:97,3
DA:98,1
DA:99,1
DA:100,2
DA:101,2
DA:102,2
DA:103,3
DA:104,1
DA:105,1
DA:106,1
DA:107,1
DA:108,1
DA:109,1
DA:110,1
DA:111,1
DA:112,1
DA:113,1
DA:114,1
DA:115,1
DA:116,1
DA:117,1
LF:117
LH:117
BRDA:8,0,0,2
BRDA:19,1,0,5
BRDA:22,2,0,4
BRDA:22,3,0,1
BRDA:24,4,0,4
BRDA:31,5,0,1
BRDA:31,6,0,3
BRDA:32,7,0,1
BRDA:32,8,0,2
BRDA:39,9,0,1
BRDA:53,10,0,2
BRDA:58,11,0,1
BRDA:62,12,0,2
BRDA:70,13,0,3
BRDA:73,14,0,1
BRDA:75,15,0,2
BRDA:80,16,0,1
BRDA:84,17,0,2
BRDA:92,18,0,3
BRDA:97,19,0,1
BRDA:99,20,0,2
BRDA:103,21,0,1
BRDA:108,22,0,1
BRF:23
BRH:23
end_of_record
TN:
SF:controllers\error.mjs
FN:5,handleCastErrorDB
FN:10,handleDuplicateFieldsDB
FN:17,handleValidationErrorDB
FN:23,handleJWTError
FN:26,handleJWTExpiredError
FN:30,sendDevError
FN:40,sendProdError
FN:57,errorController
FNF:8
FNH:8
FNDA:2,handleCastErrorDB
FNDA:2,handleDuplicateFieldsDB
FNDA:2,handleValidationErrorDB
FNDA:2,handleJWTError
FNDA:2,handleJWTExpiredError
FNDA:2,sendDevError
FNDA:7,sendProdError
FNDA:6,errorController
DA:1,1
DA:2,1
DA:3,1
DA:4,1
DA:5,1
DA:6,2
DA:7,2
DA:8,2
DA:9,1
DA:10,1
DA:11,2
DA:12,2
DA:13,2
DA:14,2
DA:15,2
DA:16,1
DA:17,1
DA:18,2
DA:19,2
DA:20,2
DA:21,2
DA:22,1
DA:23,1
DA:24,1
DA:25,1
DA:26,1
DA:27,1
DA:28,1
DA:29,1
DA:30,1
DA:31,2
DA:32,2
DA:33,2
DA:34,2
DA:35,2
DA:36,2
DA:37,2
DA:38,1
DA:39,1
DA:40,1
DA:41,7
DA:42,1
DA:43,1
DA:44,1
DA:45,1
DA:46,7
DA:47,6
DA:48,6
DA:49,6
DA:50,6
DA:51,6
DA:52,6
DA:53,6
DA:54,7
DA:55,1
DA:56,1
DA:57,1
DA:58,6
DA:59,6
DA:60,6
DA:61,6
DA:62,1
DA:63,6
DA:64,5
DA:65,5
DA:66,5
DA:67,5
DA:68,5
DA:69,5
DA:70,5
DA:71,5
DA:72,5
DA:73,5
DA:74,5
DA:75,5
DA:76,5
DA:77,5
DA:78,5
DA:79,5
DA:80,6
DA:81,1
DA:82,1
LF:82
LH:82
BRDA:5,0,0,2
BRDA:10,1,0,2
BRDA:17,2,0,2
BRDA:18,3,0,3
BRDA:23,4,0,2
BRDA:26,5,0,2
BRDA:30,6,0,2
BRDA:40,7,0,7
BRDA:41,8,0,1
BRDA:46,9,0,6
BRDA:57,10,0,6
BRDA:58,11,0,1
BRDA:61,12,0,1
BRDA:63,13,0,5
BRDA:67,14,0,1
BRDA:69,15,0,1
BRDA:72,16,0,1
BRDA:74,17,0,1
BRDA:76,18,0,1
BRF:19
BRH:19
end_of_record
TN:
SF:controllers\instructor.mjs
FNF:0
FNH:0
DA:1,1
DA:2,1
DA:3,1
DA:4,1
DA:5,1
DA:6,2
DA:7,2
DA:8,2
DA:9,2
DA:10,2
DA:11,2
DA:12,2
DA:13,2
DA:14,1
DA:15,1
DA:16,1
DA:17,1
DA:18,1
DA:19,1
DA:20,1
DA:21,1
DA:22,1
DA:23,1
LF:23
LH:23
BRDA:5,0,0,2
BRDA:16,1,0,1
BRF:2
BRH:2
end_of_record
TN:
SF:controllers\sort.mjs
FN:9,sortData
FNF:1
FNH:1
FNDA:2,sortData
DA:1,1
DA:2,1
DA:3,1
DA:4,1
DA:5,1
DA:6,1
DA:7,1
DA:8,1
DA:9,1
DA:10,2
DA:11,6
DA:12,6
DA:13,6
DA:14,2
DA:15,2
DA:16,6
DA:17,6
DA:18,6
DA:19,6
DA:20,6
DA:21,6
DA:22,6
DA:23,6
DA:24,2
DA:25,2
DA:26,2
DA:27,4
DA:28,4
DA:29,4
DA:30,4
DA:31,4
DA:32,4
DA:33,4
DA:34,4
DA:35,4
DA:36,4
DA:37,4
DA:38,4
DA:39,1
DA:40,1
DA:41,1
DA:42,1
LF:42
LH:42
BRDA:9,0,0,2
BRDA:10,1,0,6
BRDA:13,2,0,4
BRDA:13,3,0,2
BRDA:23,4,0,2
BRDA:26,5,0,4
BRF:6
BRH:6
end_of_record
TN:
SF:controllers\student.mjs
FNF:0
FNH:0
DA:1,1
DA:2,1
DA:3,1
DA:4,1
DA:5,1
DA:6,1
DA:7,2
DA:8,2
DA:9,2
DA:10,2
DA:11,2
DA:12,2
DA:13,2
DA:14,2
DA:15,2
DA:16,1
DA:17,1
DA:18,1
DA:19,2
DA:20,2
DA:21,2
DA:22,1
DA:23,1
DA:24,1
DA:25,1
DA:26,1
DA:27,1
DA:28,1
DA:29,1
DA:30,1
DA:31,1
DA:32,1
DA:33,1
DA:34,1
DA:35,1
DA:36,1
DA:37,1
DA:38,1
DA:39,1
DA:40,1
DA:41,2
DA:42,2
DA:43,2
DA:44,2
DA:45,2
DA:46,2
DA:47,1
DA:48,1
DA:49,1
DA:50,1
DA:51,1
DA:52,1
DA:53,1
DA:54,1
DA:55,1
DA:56,1
DA:57,2
DA:58,2
DA:59,2
DA:60,1
DA:61,1
DA:62,1
DA:63,1
DA:64,1
DA:65,1
DA:66,1
DA:67,1
LF:67
LH:67
BRDA:6,0,0,2
BRDA:18,1,0,2
BRDA:21,2,0,1
BRDA:31,3,0,1
BRDA:40,4,0,2
BRDA:46,5,0,1
BRDA:56,6,0,2
BRDA:59,7,0,1
BRF:8
BRH:8
end_of_record
TN:
SF:middlewares\protectRoute.mjs
FNF:0
FNH:0
DA:1,1
DA:2,1
DA:3,1
DA:4,1
DA:5,1
DA:6,1
DA:7,4
DA:8,4
DA:9,4
DA:10,3
DA:11,4
DA:12,3
DA:13,3
DA:14,4
DA:15,4
DA:16,1
DA:17,1
DA:18,1
DA:19,1
DA:20,3
DA:21,3
DA:22,3
DA:23,3
DA:24,4
DA:25,1
DA:26,1
DA:27,1
DA:28,1
DA:29,1
DA:30,1
DA:31,1
DA:32,2
DA:33,2
DA:34,4
DA:35,1
DA:36,1
DA:37,1
DA:38,1
DA:39,1
DA:40,1
DA:41,1
DA:42,1
DA:43,1
DA:44,1
LF:44
LH:44
BRDA:6,0,0,4
BRDA:9,1,0,3
BRDA:11,2,0,3
BRDA:15,3,0,1
BRDA:19,4,0,3
BRDA:24,5,0,1
BRDA:31,6,0,2
BRDA:34,7,0,1
BRF:8
BRH:8
end_of_record
TN:
SF:middlewares\restrictTo.mjs
FN:3,restrictTo
FNF:1
FNH:1
FNDA:3,restrictTo
DA:1,1
DA:2,1
DA:3,1
DA:4,3
DA:5,2
DA:6,2
DA:7,2
DA:8,2
DA:9,1
DA:10,1
DA:11,1
DA:12,1
DA:13,1
LF:13
LH:13
BRDA:3,0,0,3
BRDA:3,1,0,3
BRDA:4,2,0,2
BRDA:8,3,0,1
BRF:4
BRH:4
end_of_record
TN:
SF:models\course.mjs
FNF:0
FNH:0
DA:1,1
DA:2,1
DA:3,1
DA:4,1
DA:5,1
DA:6,1
DA:7,1
DA:8,1
DA:9,1
DA:10,1
DA:11,1
DA:12,1
DA:13,1
DA:14,1
DA:15,1
DA:16,1
DA:17,1
DA:18,1
DA:19,1
DA:20,1
DA:21,1
DA:22,1
DA:23,1
DA:24,1
DA:25,1
DA:26,1
DA:27,1
DA:28,1
DA:29,1
DA:30,1
DA:31,1
DA:32,1
DA:33,1
DA:34,1
DA:35,1
DA:36,1
DA:37,1
DA:38,1
DA:39,1
DA:40,1
DA:41,1
DA:42,1
DA:43,1
DA:44,1
LF:44
LH:44
BRF:0
BRH:0
end_of_record
TN:
SF:models\enrollment.mjs
FNF:0
FNH:0
DA:1,1
DA:2,1
DA:3,1
DA:4,1
DA:5,1
DA:6,1
DA:7,1
DA:8,1
DA:9,1
DA:10,1
DA:11,1
DA:12,1
DA:13,1
DA:14,1
DA:15,1
DA:16,1
DA:17,1
DA:18,1
DA:19,1
DA:20,1
DA:21,1
DA:22,1
DA:23,1
DA:24,1
DA:25,1
DA:26,1
DA:27,1
DA:28,1
DA:29,1
DA:30,1
DA:31,1
DA:32,1
DA:33,1
DA:34,1
DA:35,1
DA:36,0
DA:37,0
DA:38,0
DA:39,0
DA:40,0
DA:41,0
DA:42,0
DA:43,0
DA:44,0
DA:45,0
DA:46,0
DA:47,1
DA:48,1
DA:49,1
DA:50,1
DA:51,1
LF:51
LH:40
BRF:0
BRH:0
end_of_record
TN:
SF:models\instructor.mjs
FN:11,validator
FN:13,message
FNF:2
FNH:0
FNDA:0,validator
FNDA:0,message
DA:1,1
DA:2,1
DA:3,1
DA:4,1
DA:5,1
DA:6,1
DA:7,1
DA:8,1
DA:9,1
DA:10,1
DA:11,1
DA:12,1
DA:13,1
DA:14,1
DA:15,1
DA:16,1
DA:17,1
DA:18,1
DA:19,1
DA:20,1
DA:21,1
DA:22,1
DA:23,1
DA:24,1
LF:24
LH:24
BRF:0
BRH:0
end_of_record
TN:
SF:models\student.mjs
FN:12,validator
FN:14,message
FNF:2
FNH:0
FNDA:0,validator
FNDA:0,message
DA:1,1
DA:2,1
DA:3,1
DA:4,1
DA:5,1
DA:6,1
DA:7,1
DA:8,1
DA:9,1
DA:10,1
DA:11,1
DA:12,1
DA:13,1
DA:14,1
DA:15,1
DA:16,1
DA:17,1
DA:18,1
DA:19,1
DA:20,1
DA:21,1
DA:22,1
DA:23,1
DA:24,1
DA:25,1
DA:26,1
DA:27,1
DA:28,1
DA:29,1
DA:30,1
DA:31,1
DA:32,1
DA:33,1
DA:34,1
DA:35,1
DA:36,1
DA:37,1
DA:38,1
DA:39,1
DA:40,1
DA:41,1
LF:41
LH:41
BRF:0
BRH:0
end_of_record
TN:
SF:models\user.mjs
FN:62,Object.<anonymous>.userSchema.methods.createPasswordResetToken
FN:76,Object.<anonymous>.userSchema.methods.changedPasswordAfter
FNF:2
FNH:0
FNDA:0,Object.<anonymous>.userSchema.methods.createPasswordResetToken
FNDA:0,Object.<anonymous>.userSchema.methods.changedPasswordAfter
DA:1,1
DA:2,1
DA:3,1
DA:4,1
DA:5,1
DA:6,1
DA:7,1
DA:8,1
DA:9,1
DA:10,1
DA:11,1
DA:12,1
DA:13,1
DA:14,1
DA:15,1
DA:16,1
DA:17,1
DA:18,1
DA:19,1
DA:20,1
DA:21,1
DA:22,1
DA:23,1
DA:24,1
DA:25,1
DA:26,1
DA:27,1
DA:28,1
DA:29,1
DA:30,1
DA:31,1
DA:32,1
DA:33,1
DA:34,1
DA:35,1
DA:36,1
DA:37,1
DA:38,1
DA:39,1
DA:40,1
DA:41,1
DA:42,1
DA:43,1
DA:44,1
DA:45,1
DA:46,1
DA:47,1
DA:48,1
DA:49,1
DA:50,1
DA:51,1
DA:52,1
DA:53,1
DA:54,1
DA:55,1
DA:56,0
DA:57,0
DA:58,0
DA:59,1
DA:60,1
DA:61,1
DA:62,1
DA:63,0
DA:64,0
DA:65,0
DA:66,0
DA:67,0
DA:68,0
DA:69,0
DA:70,0
DA:71,0
DA:72,0
DA:73,0
DA:74,1
DA:75,1
DA:76,1
DA:77,0
DA:78,0
DA:79,0
DA:80,0
DA:81,0
DA:82,0
DA:83,0
DA:84,0
DA:85,0
DA:86,0
DA:87,1
DA:88,1
DA:89,1
DA:90,1
DA:91,1
DA:92,1
DA:93,1
LF:93
LH:69
BRF:0
BRH:0
end_of_record
TN:
SF:utils\AppError.mjs
FN:2,AppError
FNF:1
FNH:1
FNDA:3,AppError
DA:1,1
DA:2,1
DA:3,3
DA:4,3
DA:5,3
DA:6,3
DA:7,1
DA:8,1
DA:9,1
LF:9
LH:9
BRDA:2,0,0,3
BRDA:4,1,0,2
BRDA:4,2,0,1
BRF:3
BRH:3
end_of_record
TN:
SF:utils\asyncHandler.mjs
FN:1,asyncHandler
FNF:1
FNH:1
FNDA:3,asyncHandler
DA:1,1
DA:2,7
DA:3,7
DA:4,7
DA:5,0
DA:6,0
DA:7,7
DA:8,1
DA:9,1
LF:9
LH:7
BRDA:1,0,0,3
BRDA:1,1,0,7
BRDA:4,2,0,0
BRF:3
BRH:2
end_of_record
TN:
SF:utils\logger.mjs
FNF:0
FNH:0
DA:1,1
DA:2,1
DA:3,1
DA:4,1
DA:5,1
DA:6,1
DA:7,1
DA:8,1
DA:9,1
DA:10,1
DA:11,1
DA:12,1
DA:13,1
DA:14,1
LF:14
LH:14
BRDA:4,0,0,12
BRF:1
BRH:1
end_of_record
TN:
SF:utils\pagination.mjs
FN:3,getPagination
FNF:1
FNH:1
FNDA:8,getPagination
DA:1,1
DA:2,1
DA:3,1
DA:4,8
DA:5,8
DA:6,8
DA:7,8
DA:8,0
DA:9,0
DA:10,8
DA:11,8
DA:12,8
DA:13,8
DA:14,8
DA:15,1
DA:16,1
LF:16
LH:14
BRDA:3,0,0,8
BRDA:4,1,0,0
BRDA:5,2,0,0
BRDA:7,3,0,0
BRF:4
BRH:1
end_of_record
TN:
SF:utils\quickSort.mjs
FN:1,quickSort
FNF:1
FNH:1
FNDA:19,quickSort
DA:1,1
DA:2,19
DA:3,6
DA:4,6
DA:5,6
DA:6,6
DA:7,19
DA:8,11
DA:9,11
DA:10,7
DA:11,11
DA:12,6
DA:13,11
DA:14,5
DA:15,5
DA:16,11
DA:17,6
DA:18,6
DA:19,6
DA:20,6
DA:21,6
DA:22,6
DA:23,1
DA:24,1
LF:24
LH:24
BRDA:1,0,0,19
BRDA:2,1,0,13
BRDA:2,2,0,6
BRDA:7,3,0,11
BRDA:9,4,0,7
BRDA:9,5,0,7
BRDA:10,6,0,4
BRDA:11,7,0,6
BRDA:13,8,0,5
BRDA:16,9,0,6
BRF:10
BRH:10
end_of_record
TN:
SF:utils\regexPatterns.mjs
FNF:0
FNH:0
DA:1,1
DA:2,1
DA:3,1
DA:4,1
DA:5,1
LF:5
LH:5
BRF:0
BRH:0
end_of_record
